INFO - 2024-06-20 01:50:11 --> Session: Class initialized using 'CodeIgniter\Session\Handlers\FileHandler' driver.
WARNING - 2024-06-20 01:50:11 --> [DEPRECATED] Creation of dynamic property App\Controllers\FrontendController::$session is deprecated in APPPATH/Controllers/FrontendController.php on line 21.
 1 SYSTEMPATH/CodeIgniter.php(913): App\Controllers\FrontendController->__construct()
 2 SYSTEMPATH/CodeIgniter.php(493): CodeIgniter\CodeIgniter->createController()
 3 SYSTEMPATH/CodeIgniter.php(361): CodeIgniter\CodeIgniter->handleRequest(null, Object(Config\Cache), false)
 4 FCPATH/index.php(79): CodeIgniter\CodeIgniter->run()
 5 SYSTEMPATH/Commands/Server/rewrite.php(47): require_once('/run/media/degante/DEV/en mantenimiento/webupn/public/index.php')
INFO - 2024-06-20 01:50:41 --> Session: Class initialized using 'CodeIgniter\Session\Handlers\FileHandler' driver.
WARNING - 2024-06-20 01:50:41 --> [DEPRECATED] Creation of dynamic property App\Controllers\FrontendController::$session is deprecated in APPPATH/Controllers/FrontendController.php on line 21.
 1 SYSTEMPATH/CodeIgniter.php(913): App\Controllers\FrontendController->__construct()
 2 SYSTEMPATH/CodeIgniter.php(493): CodeIgniter\CodeIgniter->createController()
 3 SYSTEMPATH/CodeIgniter.php(361): CodeIgniter\CodeIgniter->handleRequest(null, Object(Config\Cache), false)
 4 FCPATH/index.php(79): CodeIgniter\CodeIgniter->run()
 5 SYSTEMPATH/Commands/Server/rewrite.php(47): require_once('/run/media/degante/DEV/en mantenimiento/webupn/public/index.php')
INFO - 2024-06-20 01:50:53 --> Session: Class initialized using 'CodeIgniter\Session\Handlers\FileHandler' driver.
WARNING - 2024-06-20 01:50:53 --> [DEPRECATED] Creation of dynamic property App\Controllers\FrontendController::$session is deprecated in APPPATH/Controllers/FrontendController.php on line 21.
 1 SYSTEMPATH/CodeIgniter.php(913): App\Controllers\FrontendController->__construct()
 2 SYSTEMPATH/CodeIgniter.php(493): CodeIgniter\CodeIgniter->createController()
 3 SYSTEMPATH/CodeIgniter.php(361): CodeIgniter\CodeIgniter->handleRequest(null, Object(Config\Cache), false)
 4 FCPATH/index.php(79): CodeIgniter\CodeIgniter->run()
 5 SYSTEMPATH/Commands/Server/rewrite.php(47): require_once('/run/media/degante/DEV/en mantenimiento/webupn/public/index.php')
INFO - 2024-06-20 01:51:13 --> Session: Class initialized using 'CodeIgniter\Session\Handlers\FileHandler' driver.
WARNING - 2024-06-20 01:51:13 --> [DEPRECATED] Creation of dynamic property App\Controllers\FrontendController::$session is deprecated in APPPATH/Controllers/FrontendController.php on line 21.
 1 SYSTEMPATH/CodeIgniter.php(913): App\Controllers\FrontendController->__construct()
 2 SYSTEMPATH/CodeIgniter.php(493): CodeIgniter\CodeIgniter->createController()
 3 SYSTEMPATH/CodeIgniter.php(361): CodeIgniter\CodeIgniter->handleRequest(null, Object(Config\Cache), false)
 4 FCPATH/index.php(79): CodeIgniter\CodeIgniter->run()
 5 SYSTEMPATH/Commands/Server/rewrite.php(47): require_once('/run/media/degante/DEV/en mantenimiento/webupn/public/index.php')
INFO - 2024-06-20 01:55:52 --> Session: Class initialized using 'CodeIgniter\Session\Handlers\FileHandler' driver.
WARNING - 2024-06-20 01:55:52 --> [DEPRECATED] Creation of dynamic property App\Controllers\FrontendController::$session is deprecated in APPPATH/Controllers/FrontendController.php on line 21.
 1 SYSTEMPATH/CodeIgniter.php(913): App\Controllers\FrontendController->__construct()
 2 SYSTEMPATH/CodeIgniter.php(493): CodeIgniter\CodeIgniter->createController()
 3 SYSTEMPATH/CodeIgniter.php(361): CodeIgniter\CodeIgniter->handleRequest(null, Object(Config\Cache), false)
 4 FCPATH/index.php(79): CodeIgniter\CodeIgniter->run()
 5 SYSTEMPATH/Commands/Server/rewrite.php(47): require_once('/run/media/degante/DEV/en mantenimiento/webupn/public/index.php')
INFO - 2024-06-20 01:55:58 --> Session: Class initialized using 'CodeIgniter\Session\Handlers\FileHandler' driver.
WARNING - 2024-06-20 01:55:58 --> [DEPRECATED] Creation of dynamic property App\Controllers\FrontendController::$session is deprecated in APPPATH/Controllers/FrontendController.php on line 21.
 1 SYSTEMPATH/CodeIgniter.php(913): App\Controllers\FrontendController->__construct()
 2 SYSTEMPATH/CodeIgniter.php(493): CodeIgniter\CodeIgniter->createController()
 3 SYSTEMPATH/CodeIgniter.php(361): CodeIgniter\CodeIgniter->handleRequest(null, Object(Config\Cache), false)
 4 FCPATH/index.php(79): CodeIgniter\CodeIgniter->run()
 5 SYSTEMPATH/Commands/Server/rewrite.php(47): require_once('/run/media/degante/DEV/en mantenimiento/webupn/public/index.php')
INFO - 2024-06-20 01:56:02 --> Session: Class initialized using 'CodeIgniter\Session\Handlers\FileHandler' driver.
WARNING - 2024-06-20 01:56:02 --> [DEPRECATED] Creation of dynamic property App\Controllers\FrontendController::$session is deprecated in APPPATH/Controllers/FrontendController.php on line 21.
 1 SYSTEMPATH/CodeIgniter.php(913): App\Controllers\FrontendController->__construct()
 2 SYSTEMPATH/CodeIgniter.php(493): CodeIgniter\CodeIgniter->createController()
 3 SYSTEMPATH/CodeIgniter.php(361): CodeIgniter\CodeIgniter->handleRequest(null, Object(Config\Cache), false)
 4 FCPATH/index.php(79): CodeIgniter\CodeIgniter->run()
 5 SYSTEMPATH/Commands/Server/rewrite.php(47): require_once('/run/media/degante/DEV/en mantenimiento/webupn/public/index.php')
INFO - 2024-06-20 01:56:31 --> Session: Class initialized using 'CodeIgniter\Session\Handlers\FileHandler' driver.
WARNING - 2024-06-20 01:56:31 --> [DEPRECATED] Creation of dynamic property App\Controllers\FrontendController::$session is deprecated in APPPATH/Controllers/FrontendController.php on line 21.
 1 SYSTEMPATH/CodeIgniter.php(913): App\Controllers\FrontendController->__construct()
 2 SYSTEMPATH/CodeIgniter.php(493): CodeIgniter\CodeIgniter->createController()
 3 SYSTEMPATH/CodeIgniter.php(361): CodeIgniter\CodeIgniter->handleRequest(null, Object(Config\Cache), false)
 4 FCPATH/index.php(79): CodeIgniter\CodeIgniter->run()
 5 SYSTEMPATH/Commands/Server/rewrite.php(47): require_once('/run/media/degante/DEV/en mantenimiento/webupn/public/index.php')
INFO - 2024-06-20 01:56:51 --> Session: Class initialized using 'CodeIgniter\Session\Handlers\FileHandler' driver.
WARNING - 2024-06-20 01:56:51 --> [DEPRECATED] Creation of dynamic property App\Controllers\FrontendController::$session is deprecated in APPPATH/Controllers/FrontendController.php on line 21.
 1 SYSTEMPATH/CodeIgniter.php(913): App\Controllers\FrontendController->__construct()
 2 SYSTEMPATH/CodeIgniter.php(493): CodeIgniter\CodeIgniter->createController()
 3 SYSTEMPATH/CodeIgniter.php(361): CodeIgniter\CodeIgniter->handleRequest(null, Object(Config\Cache), false)
 4 FCPATH/index.php(79): CodeIgniter\CodeIgniter->run()
 5 SYSTEMPATH/Commands/Server/rewrite.php(47): require_once('/run/media/degante/DEV/en mantenimiento/webupn/public/index.php')
ERROR - 2024-06-20 02:13:32 --> Error connecting to the database: ErrorException: mysqli::real_connect(): php_network_getaddresses: getaddrinfo for db5015615851.hosting-data.io failed: Name or service not known in /run/media/degante/DEV/en mantenimiento/webupn/system/Database/MySQLi/Connection.php:184
Stack trace:
#0 [internal function]: CodeIgniter\Debug\Exceptions->errorHandler()
#1 /run/media/degante/DEV/en mantenimiento/webupn/system/Database/MySQLi/Connection.php(184): mysqli->real_connect()
#2 /run/media/degante/DEV/en mantenimiento/webupn/system/Database/BaseConnection.php(392): CodeIgniter\Database\MySQLi\Connection->connect()
#3 /run/media/degante/DEV/en mantenimiento/webupn/system/Database/BaseConnection.php(575): CodeIgniter\Database\BaseConnection->initialize()
#4 /run/media/degante/DEV/en mantenimiento/webupn/system/Database/BaseBuilder.php(1616): CodeIgniter\Database\BaseConnection->query()
#5 /run/media/degante/DEV/en mantenimiento/webupn/system/Model.php(242): CodeIgniter\Database\BaseBuilder->get()
#6 /run/media/degante/DEV/en mantenimiento/webupn/system/BaseModel.php(638): CodeIgniter\Model->doFindAll()
#7 /run/media/degante/DEV/en mantenimiento/webupn/app/Controllers/FrontendController.php(29): CodeIgniter\BaseModel->findAll()
#8 /run/media/degante/DEV/en mantenimiento/webupn/system/CodeIgniter.php(941): App\Controllers\FrontendController->index()
#9 /run/media/degante/DEV/en mantenimiento/webupn/system/CodeIgniter.php(502): CodeIgniter\CodeIgniter->runController()
#10 /run/media/degante/DEV/en mantenimiento/webupn/system/CodeIgniter.php(361): CodeIgniter\CodeIgniter->handleRequest()
#11 /run/media/degante/DEV/en mantenimiento/webupn/public/index.php(79): CodeIgniter\CodeIgniter->run()
#12 /run/media/degante/DEV/en mantenimiento/webupn/system/Commands/Server/rewrite.php(47): require_once('...')
#13 {main}

Next mysqli_sql_exception: php_network_getaddresses: getaddrinfo for db5015615851.hosting-data.io failed: Name or service not known in /run/media/degante/DEV/en mantenimiento/webupn/system/Database/MySQLi/Connection.php:184
Stack trace:
#0 /run/media/degante/DEV/en mantenimiento/webupn/system/Database/MySQLi/Connection.php(184): mysqli->real_connect()
#1 /run/media/degante/DEV/en mantenimiento/webupn/system/Database/BaseConnection.php(392): CodeIgniter\Database\MySQLi\Connection->connect()
#2 /run/media/degante/DEV/en mantenimiento/webupn/system/Database/BaseConnection.php(575): CodeIgniter\Database\BaseConnection->initialize()
#3 /run/media/degante/DEV/en mantenimiento/webupn/system/Database/BaseBuilder.php(1616): CodeIgniter\Database\BaseConnection->query()
#4 /run/media/degante/DEV/en mantenimiento/webupn/system/Model.php(242): CodeIgniter\Database\BaseBuilder->get()
#5 /run/media/degante/DEV/en mantenimiento/webupn/system/BaseModel.php(638): CodeIgniter\Model->doFindAll()
#6 /run/media/degante/DEV/en mantenimiento/webupn/app/Controllers/FrontendController.php(29): CodeIgniter\BaseModel->findAll()
#7 /run/media/degante/DEV/en mantenimiento/webupn/system/CodeIgniter.php(941): App\Controllers\FrontendController->index()
#8 /run/media/degante/DEV/en mantenimiento/webupn/system/CodeIgniter.php(502): CodeIgniter\CodeIgniter->runController()
#9 /run/media/degante/DEV/en mantenimiento/webupn/system/CodeIgniter.php(361): CodeIgniter\CodeIgniter->handleRequest()
#10 /run/media/degante/DEV/en mantenimiento/webupn/public/index.php(79): CodeIgniter\CodeIgniter->run()
#11 /run/media/degante/DEV/en mantenimiento/webupn/system/Commands/Server/rewrite.php(47): require_once('...')
#12 {main}

Next CodeIgniter\Database\Exceptions\DatabaseException: php_network_getaddresses: getaddrinfo for db5015615851.hosting-data.io failed: Name or service not known in /run/media/degante/DEV/en mantenimiento/webupn/system/Database/MySQLi/Connection.php:229
Stack trace:
#0 /run/media/degante/DEV/en mantenimiento/webupn/system/Database/BaseConnection.php(392): CodeIgniter\Database\MySQLi\Connection->connect()
#1 /run/media/degante/DEV/en mantenimiento/webupn/system/Database/BaseConnection.php(575): CodeIgniter\Database\BaseConnection->initialize()
#2 /run/media/degante/DEV/en mantenimiento/webupn/system/Database/BaseBuilder.php(1616): CodeIgniter\Database\BaseConnection->query()
#3 /run/media/degante/DEV/en mantenimiento/webupn/system/Model.php(242): CodeIgniter\Database\BaseBuilder->get()
#4 /run/media/degante/DEV/en mantenimiento/webupn/system/BaseModel.php(638): CodeIgniter\Model->doFindAll()
#5 /run/media/degante/DEV/en mantenimiento/webupn/app/Controllers/FrontendController.php(29): CodeIgniter\BaseModel->findAll()
#6 /run/media/degante/DEV/en mantenimiento/webupn/system/CodeIgniter.php(941): App\Controllers\FrontendController->index()
#7 /run/media/degante/DEV/en mantenimiento/webupn/system/CodeIgniter.php(502): CodeIgniter\CodeIgniter->runController()
#8 /run/media/degante/DEV/en mantenimiento/webupn/system/CodeIgniter.php(361): CodeIgniter\CodeIgniter->handleRequest()
#9 /run/media/degante/DEV/en mantenimiento/webupn/public/index.php(79): CodeIgniter\CodeIgniter->run()
#10 /run/media/degante/DEV/en mantenimiento/webupn/system/Commands/Server/rewrite.php(47): require_once('...')
#11 {main}
CRITICAL - 2024-06-20 02:13:32 --> CodeIgniter\Database\Exceptions\DatabaseException: Unable to connect to the database.
Main connection [MySQLi]: php_network_getaddresses: getaddrinfo for db5015615851.hosting-data.io failed: Name or service not known
in SYSTEMPATH/Database/BaseConnection.php on line 428.
 1 SYSTEMPATH/Database/BaseConnection.php(575): CodeIgniter\Database\BaseConnection->initialize()
 2 SYSTEMPATH/Database/BaseBuilder.php(1616): CodeIgniter\Database\BaseConnection->query()
 3 SYSTEMPATH/Model.php(242): CodeIgniter\Database\BaseBuilder->get()
 4 SYSTEMPATH/BaseModel.php(638): CodeIgniter\Model->doFindAll()
 5 APPPATH/Controllers/FrontendController.php(29): CodeIgniter\BaseModel->findAll()
 6 SYSTEMPATH/CodeIgniter.php(941): App\Controllers\FrontendController->index()
 7 SYSTEMPATH/CodeIgniter.php(502): CodeIgniter\CodeIgniter->runController()
 8 SYSTEMPATH/CodeIgniter.php(361): CodeIgniter\CodeIgniter->handleRequest()
 9 FCPATH/index.php(79): CodeIgniter\CodeIgniter->run()
10 SYSTEMPATH/Commands/Server/rewrite.php(47): require_once('/run/media/degante/DEV/en mantenimiento/webupn/public/index.php')
CRITICAL - 2024-06-20 02:15:06 --> CodeIgniter\Exceptions\ConfigException: Config\App::$baseURL "localhost:8080/" is not a valid URL.
in SYSTEMPATH/HTTP/SiteURI.php on line 199.
 1 SYSTEMPATH/HTTP/SiteURI.php(145): CodeIgniter\HTTP\SiteURI->normalizeBaseURL()
 2 SYSTEMPATH/HTTP/SiteURI.php(100): CodeIgniter\HTTP\SiteURI->determineBaseURL()
 3 SYSTEMPATH/HTTP/SiteURIFactory.php(224): CodeIgniter\HTTP\SiteURI->__construct()
 4 SYSTEMPATH/HTTP/SiteURIFactory.php(45): CodeIgniter\HTTP\SiteURIFactory->createURIFromRoutePath()
 5 SYSTEMPATH/Config/Services.php(799): CodeIgniter\HTTP\SiteURIFactory->createFromGlobals()
 6 SYSTEMPATH/Config/BaseService.php(258): CodeIgniter\Config\Services::uri()
 7 SYSTEMPATH/Config/BaseService.php(199): CodeIgniter\Config\BaseService::__callStatic()
 8 SYSTEMPATH/Config/Services.php(792): CodeIgniter\Config\BaseService::getSharedInstance()
 9 SYSTEMPATH/Config/BaseService.php(258): CodeIgniter\Config\Services::uri()
10 SYSTEMPATH/Config/Services.php(566): CodeIgniter\Config\BaseService::__callStatic()
11 SYSTEMPATH/Config/BaseService.php(258): CodeIgniter\Config\Services::incomingrequest()
12 SYSTEMPATH/Config/Services.php(524): CodeIgniter\Config\BaseService::__callStatic()
13 SYSTEMPATH/Config/BaseService.php(258): CodeIgniter\Config\Services::request()
14 SYSTEMPATH/Config/BaseService.php(199): CodeIgniter\Config\BaseService::__callStatic()
15 SYSTEMPATH/Config/Services.php(559): CodeIgniter\Config\BaseService::getSharedInstance()
16 SYSTEMPATH/Config/BaseService.php(258): CodeIgniter\Config\Services::incomingrequest()
17 SYSTEMPATH/Config/Services.php(539): CodeIgniter\Config\BaseService::__callStatic()
18 SYSTEMPATH/Config/BaseService.php(258): CodeIgniter\Config\Services::createRequest()
19 SYSTEMPATH/CodeIgniter.php(655): CodeIgniter\Config\BaseService::__callStatic()
20 SYSTEMPATH/CodeIgniter.php(355): CodeIgniter\CodeIgniter->getRequestObject()
21 FCPATH/index.php(79): CodeIgniter\CodeIgniter->run()
22 SYSTEMPATH/Commands/Server/rewrite.php(47): require_once('/run/media/degante/DEV/en mantenimiento/webupn/public/index.php')
CRITICAL - 2024-06-20 02:15:06 --> ErrorException: Uncaught CodeIgniter\Exceptions\ConfigException: Config\App::$baseURL "localhost:8080/" is not a valid URL. in /run/media/degante/DEV/en mantenimiento/webupn/system/HTTP/SiteURI.php:199
Stack trace:
#0 /run/media/degante/DEV/en mantenimiento/webupn/system/HTTP/SiteURI.php(145): CodeIgniter\HTTP\SiteURI->normalizeBaseURL()
#1 /run/media/degante/DEV/en mantenimiento/webupn/system/HTTP/SiteURI.php(100): CodeIgniter\HTTP\SiteURI->determineBaseURL()
#2 /run/media/degante/DEV/en mantenimiento/webupn/system/HTTP/SiteURIFactory.php(224): CodeIgniter\HTTP\SiteURI->__construct()
#3 /run/media/degante/DEV/en mantenimiento/webupn/system/HTTP/SiteURIFactory.php(45): CodeIgniter\HTTP\SiteURIFactory->createURIFromRoutePath()
#4 /run/media/degante/DEV/en mantenimiento/webupn/system/Config/Services.php(799): CodeIgniter\HTTP\SiteURIFactory->createFromGlobals()
#5 /run/media/degante/DEV/en mantenimiento/webupn/system/Config/BaseService.php(258): CodeIgniter\Config\Services::uri()
#6 /run/media/degante/DEV/en mantenimiento/webupn/system/Config/BaseService.php(199): CodeIgniter\Config\BaseService::__callStatic()
#7 /run/media/degante/DEV/en mantenimiento/webupn/system/Config/Services.php(792): CodeIgniter\Config\BaseService::getSharedInstance()
#8 /run/media/degante/DEV/en mantenimiento/webupn/system/Config/BaseService.php(258): CodeIgniter\Config\Services::uri()
#9 /run/media/degante/DEV/en mantenimiento/webupn/system/Config/Services.php(566): CodeIgniter\Config\BaseService::__callStatic()
#10 /run/media/degante/DEV/en mantenimiento/webupn/system/Config/BaseService.php(258): CodeIgniter\Config\Services::incomingrequest()
#11 /run/media/degante/DEV/en mantenimiento/webupn/system/Config/Services.php(524): CodeIgniter\Config\BaseService::__callStatic()
#12 /run/media/degante/DEV/en mantenimiento/webupn/system/Config/BaseService.php(258): CodeIgniter\Config\Services::request()
#13 /run/media/degante/DEV/en mantenimiento/webupn/system/Config/BaseService.php(199): CodeIgniter\Config\BaseService::__callStatic()
#14 /run/media/degante/DEV/en mantenimiento/webupn/system/Config/Services.php(520): CodeIgniter\Config\BaseService::getSharedInstance()
#15 /run/media/degante/DEV/en mantenimiento/webupn/system/Config/BaseService.php(258): CodeIgniter\Config\Services::request()
#16 /run/media/degante/DEV/en mantenimiento/webupn/system/Debug/Exceptions.php(150): CodeIgniter\Config\BaseService::__callStatic()
#17 [internal function]: CodeIgniter\Debug\Exceptions->exceptionHandler()
#18 {main}
  thrown
【Previous Exception】
CodeIgniter\Exceptions\ConfigException
Config\App::$baseURL "localhost:8080/" is not a valid URL.
#0 /run/media/degante/DEV/en mantenimiento/webupn/system/HTTP/SiteURI.php(145): CodeIgniter\HTTP\SiteURI->normalizeBaseURL()
#1 /run/media/degante/DEV/en mantenimiento/webupn/system/HTTP/SiteURI.php(100): CodeIgniter\HTTP\SiteURI->determineBaseURL()
#2 /run/media/degante/DEV/en mantenimiento/webupn/system/HTTP/SiteURIFactory.php(224): CodeIgniter\HTTP\SiteURI->__construct()
#3 /run/media/degante/DEV/en mantenimiento/webupn/system/HTTP/SiteURIFactory.php(45): CodeIgniter\HTTP\SiteURIFactory->createURIFromRoutePath()
#4 /run/media/degante/DEV/en mantenimiento/webupn/system/Config/Services.php(799): CodeIgniter\HTTP\SiteURIFactory->createFromGlobals()
#5 /run/media/degante/DEV/en mantenimiento/webupn/system/Config/BaseService.php(258): CodeIgniter\Config\Services::uri()
#6 /run/media/degante/DEV/en mantenimiento/webupn/system/Config/BaseService.php(199): CodeIgniter\Config\BaseService::__callStatic()
#7 /run/media/degante/DEV/en mantenimiento/webupn/system/Config/Services.php(792): CodeIgniter\Config\BaseService::getSharedInstance()
#8 /run/media/degante/DEV/en mantenimiento/webupn/system/Config/BaseService.php(258): CodeIgniter\Config\Services::uri()
#9 /run/media/degante/DEV/en mantenimiento/webupn/system/Config/Services.php(566): CodeIgniter\Config\BaseService::__callStatic()
#10 /run/media/degante/DEV/en mantenimiento/webupn/system/Config/BaseService.php(258): CodeIgniter\Config\Services::incomingrequest()
#11 /run/media/degante/DEV/en mantenimiento/webupn/system/Config/Services.php(524): CodeIgniter\Config\BaseService::__callStatic()
#12 /run/media/degante/DEV/en mantenimiento/webupn/system/Config/BaseService.php(258): CodeIgniter\Config\Services::request()
#13 /run/media/degante/DEV/en mantenimiento/webupn/system/Config/BaseService.php(199): CodeIgniter\Config\BaseService::__callStatic()
#14 /run/media/degante/DEV/en mantenimiento/webupn/system/Config/Services.php(559): CodeIgniter\Config\BaseService::getSharedInstance()
#15 /run/media/degante/DEV/en mantenimiento/webupn/system/Config/BaseService.php(258): CodeIgniter\Config\Services::incomingrequest()
#16 /run/media/degante/DEV/en mantenimiento/webupn/system/Config/Services.php(539): CodeIgniter\Config\BaseService::__callStatic()
#17 /run/media/degante/DEV/en mantenimiento/webupn/system/Config/BaseService.php(258): CodeIgniter\Config\Services::createRequest()
#18 /run/media/degante/DEV/en mantenimiento/webupn/system/CodeIgniter.php(655): CodeIgniter\Config\BaseService::__callStatic()
#19 /run/media/degante/DEV/en mantenimiento/webupn/system/CodeIgniter.php(355): CodeIgniter\CodeIgniter->getRequestObject()
#20 /run/media/degante/DEV/en mantenimiento/webupn/public/index.php(79): CodeIgniter\CodeIgniter->run()
#21 /run/media/degante/DEV/en mantenimiento/webupn/system/Commands/Server/rewrite.php(47): require_once('...')
#22 {main}
in SYSTEMPATH/HTTP/SiteURI.php on line 199.
 1 [internal function]: CodeIgniter\Debug\Exceptions->shutdownHandler()
CRITICAL - 2024-06-20 02:15:23 --> CodeIgniter\Exceptions\ConfigException: Config\App::$baseURL "localhost:8080/" is not a valid URL.
in SYSTEMPATH/HTTP/SiteURI.php on line 199.
 1 SYSTEMPATH/HTTP/SiteURI.php(145): CodeIgniter\HTTP\SiteURI->normalizeBaseURL()
 2 SYSTEMPATH/HTTP/SiteURI.php(100): CodeIgniter\HTTP\SiteURI->determineBaseURL()
 3 SYSTEMPATH/HTTP/SiteURIFactory.php(224): CodeIgniter\HTTP\SiteURI->__construct()
 4 SYSTEMPATH/HTTP/SiteURIFactory.php(45): CodeIgniter\HTTP\SiteURIFactory->createURIFromRoutePath()
 5 SYSTEMPATH/Config/Services.php(799): CodeIgniter\HTTP\SiteURIFactory->createFromGlobals()
 6 SYSTEMPATH/Config/BaseService.php(258): CodeIgniter\Config\Services::uri()
 7 SYSTEMPATH/Config/BaseService.php(199): CodeIgniter\Config\BaseService::__callStatic()
 8 SYSTEMPATH/Config/Services.php(792): CodeIgniter\Config\BaseService::getSharedInstance()
 9 SYSTEMPATH/Config/BaseService.php(258): CodeIgniter\Config\Services::uri()
10 SYSTEMPATH/Config/Services.php(566): CodeIgniter\Config\BaseService::__callStatic()
11 SYSTEMPATH/Config/BaseService.php(258): CodeIgniter\Config\Services::incomingrequest()
12 SYSTEMPATH/Config/Services.php(524): CodeIgniter\Config\BaseService::__callStatic()
13 SYSTEMPATH/Config/BaseService.php(258): CodeIgniter\Config\Services::request()
14 SYSTEMPATH/Config/BaseService.php(199): CodeIgniter\Config\BaseService::__callStatic()
15 SYSTEMPATH/Config/Services.php(559): CodeIgniter\Config\BaseService::getSharedInstance()
16 SYSTEMPATH/Config/BaseService.php(258): CodeIgniter\Config\Services::incomingrequest()
17 SYSTEMPATH/Config/Services.php(539): CodeIgniter\Config\BaseService::__callStatic()
18 SYSTEMPATH/Config/BaseService.php(258): CodeIgniter\Config\Services::createRequest()
19 SYSTEMPATH/CodeIgniter.php(655): CodeIgniter\Config\BaseService::__callStatic()
20 SYSTEMPATH/CodeIgniter.php(355): CodeIgniter\CodeIgniter->getRequestObject()
21 FCPATH/index.php(79): CodeIgniter\CodeIgniter->run()
22 SYSTEMPATH/Commands/Server/rewrite.php(47): require_once('/run/media/degante/DEV/en mantenimiento/webupn/public/index.php')
CRITICAL - 2024-06-20 02:15:23 --> ErrorException: Uncaught CodeIgniter\Exceptions\ConfigException: Config\App::$baseURL "localhost:8080/" is not a valid URL. in /run/media/degante/DEV/en mantenimiento/webupn/system/HTTP/SiteURI.php:199
Stack trace:
#0 /run/media/degante/DEV/en mantenimiento/webupn/system/HTTP/SiteURI.php(145): CodeIgniter\HTTP\SiteURI->normalizeBaseURL()
#1 /run/media/degante/DEV/en mantenimiento/webupn/system/HTTP/SiteURI.php(100): CodeIgniter\HTTP\SiteURI->determineBaseURL()
#2 /run/media/degante/DEV/en mantenimiento/webupn/system/HTTP/SiteURIFactory.php(224): CodeIgniter\HTTP\SiteURI->__construct()
#3 /run/media/degante/DEV/en mantenimiento/webupn/system/HTTP/SiteURIFactory.php(45): CodeIgniter\HTTP\SiteURIFactory->createURIFromRoutePath()
#4 /run/media/degante/DEV/en mantenimiento/webupn/system/Config/Services.php(799): CodeIgniter\HTTP\SiteURIFactory->createFromGlobals()
#5 /run/media/degante/DEV/en mantenimiento/webupn/system/Config/BaseService.php(258): CodeIgniter\Config\Services::uri()
#6 /run/media/degante/DEV/en mantenimiento/webupn/system/Config/BaseService.php(199): CodeIgniter\Config\BaseService::__callStatic()
#7 /run/media/degante/DEV/en mantenimiento/webupn/system/Config/Services.php(792): CodeIgniter\Config\BaseService::getSharedInstance()
#8 /run/media/degante/DEV/en mantenimiento/webupn/system/Config/BaseService.php(258): CodeIgniter\Config\Services::uri()
#9 /run/media/degante/DEV/en mantenimiento/webupn/system/Config/Services.php(566): CodeIgniter\Config\BaseService::__callStatic()
#10 /run/media/degante/DEV/en mantenimiento/webupn/system/Config/BaseService.php(258): CodeIgniter\Config\Services::incomingrequest()
#11 /run/media/degante/DEV/en mantenimiento/webupn/system/Config/Services.php(524): CodeIgniter\Config\BaseService::__callStatic()
#12 /run/media/degante/DEV/en mantenimiento/webupn/system/Config/BaseService.php(258): CodeIgniter\Config\Services::request()
#13 /run/media/degante/DEV/en mantenimiento/webupn/system/Config/BaseService.php(199): CodeIgniter\Config\BaseService::__callStatic()
#14 /run/media/degante/DEV/en mantenimiento/webupn/system/Config/Services.php(520): CodeIgniter\Config\BaseService::getSharedInstance()
#15 /run/media/degante/DEV/en mantenimiento/webupn/system/Config/BaseService.php(258): CodeIgniter\Config\Services::request()
#16 /run/media/degante/DEV/en mantenimiento/webupn/system/Debug/Exceptions.php(150): CodeIgniter\Config\BaseService::__callStatic()
#17 [internal function]: CodeIgniter\Debug\Exceptions->exceptionHandler()
#18 {main}
  thrown
【Previous Exception】
CodeIgniter\Exceptions\ConfigException
Config\App::$baseURL "localhost:8080/" is not a valid URL.
#0 /run/media/degante/DEV/en mantenimiento/webupn/system/HTTP/SiteURI.php(145): CodeIgniter\HTTP\SiteURI->normalizeBaseURL()
#1 /run/media/degante/DEV/en mantenimiento/webupn/system/HTTP/SiteURI.php(100): CodeIgniter\HTTP\SiteURI->determineBaseURL()
#2 /run/media/degante/DEV/en mantenimiento/webupn/system/HTTP/SiteURIFactory.php(224): CodeIgniter\HTTP\SiteURI->__construct()
#3 /run/media/degante/DEV/en mantenimiento/webupn/system/HTTP/SiteURIFactory.php(45): CodeIgniter\HTTP\SiteURIFactory->createURIFromRoutePath()
#4 /run/media/degante/DEV/en mantenimiento/webupn/system/Config/Services.php(799): CodeIgniter\HTTP\SiteURIFactory->createFromGlobals()
#5 /run/media/degante/DEV/en mantenimiento/webupn/system/Config/BaseService.php(258): CodeIgniter\Config\Services::uri()
#6 /run/media/degante/DEV/en mantenimiento/webupn/system/Config/BaseService.php(199): CodeIgniter\Config\BaseService::__callStatic()
#7 /run/media/degante/DEV/en mantenimiento/webupn/system/Config/Services.php(792): CodeIgniter\Config\BaseService::getSharedInstance()
#8 /run/media/degante/DEV/en mantenimiento/webupn/system/Config/BaseService.php(258): CodeIgniter\Config\Services::uri()
#9 /run/media/degante/DEV/en mantenimiento/webupn/system/Config/Services.php(566): CodeIgniter\Config\BaseService::__callStatic()
#10 /run/media/degante/DEV/en mantenimiento/webupn/system/Config/BaseService.php(258): CodeIgniter\Config\Services::incomingrequest()
#11 /run/media/degante/DEV/en mantenimiento/webupn/system/Config/Services.php(524): CodeIgniter\Config\BaseService::__callStatic()
#12 /run/media/degante/DEV/en mantenimiento/webupn/system/Config/BaseService.php(258): CodeIgniter\Config\Services::request()
#13 /run/media/degante/DEV/en mantenimiento/webupn/system/Config/BaseService.php(199): CodeIgniter\Config\BaseService::__callStatic()
#14 /run/media/degante/DEV/en mantenimiento/webupn/system/Config/Services.php(559): CodeIgniter\Config\BaseService::getSharedInstance()
#15 /run/media/degante/DEV/en mantenimiento/webupn/system/Config/BaseService.php(258): CodeIgniter\Config\Services::incomingrequest()
#16 /run/media/degante/DEV/en mantenimiento/webupn/system/Config/Services.php(539): CodeIgniter\Config\BaseService::__callStatic()
#17 /run/media/degante/DEV/en mantenimiento/webupn/system/Config/BaseService.php(258): CodeIgniter\Config\Services::createRequest()
#18 /run/media/degante/DEV/en mantenimiento/webupn/system/CodeIgniter.php(655): CodeIgniter\Config\BaseService::__callStatic()
#19 /run/media/degante/DEV/en mantenimiento/webupn/system/CodeIgniter.php(355): CodeIgniter\CodeIgniter->getRequestObject()
#20 /run/media/degante/DEV/en mantenimiento/webupn/public/index.php(79): CodeIgniter\CodeIgniter->run()
#21 /run/media/degante/DEV/en mantenimiento/webupn/system/Commands/Server/rewrite.php(47): require_once('...')
#22 {main}
in SYSTEMPATH/HTTP/SiteURI.php on line 199.
 1 [internal function]: CodeIgniter\Debug\Exceptions->shutdownHandler()
CRITICAL - 2024-06-20 02:15:32 --> CodeIgniter\Exceptions\ConfigException: Config\App::$baseURL "localhost:8080/" is not a valid URL.
in SYSTEMPATH/HTTP/SiteURI.php on line 199.
 1 SYSTEMPATH/HTTP/SiteURI.php(145): CodeIgniter\HTTP\SiteURI->normalizeBaseURL()
 2 SYSTEMPATH/HTTP/SiteURI.php(100): CodeIgniter\HTTP\SiteURI->determineBaseURL()
 3 SYSTEMPATH/HTTP/SiteURIFactory.php(224): CodeIgniter\HTTP\SiteURI->__construct()
 4 SYSTEMPATH/HTTP/SiteURIFactory.php(45): CodeIgniter\HTTP\SiteURIFactory->createURIFromRoutePath()
 5 SYSTEMPATH/Config/Services.php(799): CodeIgniter\HTTP\SiteURIFactory->createFromGlobals()
 6 SYSTEMPATH/Config/BaseService.php(258): CodeIgniter\Config\Services::uri()
 7 SYSTEMPATH/Config/BaseService.php(199): CodeIgniter\Config\BaseService::__callStatic()
 8 SYSTEMPATH/Config/Services.php(792): CodeIgniter\Config\BaseService::getSharedInstance()
 9 SYSTEMPATH/Config/BaseService.php(258): CodeIgniter\Config\Services::uri()
10 SYSTEMPATH/Config/Services.php(566): CodeIgniter\Config\BaseService::__callStatic()
11 SYSTEMPATH/Config/BaseService.php(258): CodeIgniter\Config\Services::incomingrequest()
12 SYSTEMPATH/Config/Services.php(524): CodeIgniter\Config\BaseService::__callStatic()
13 SYSTEMPATH/Config/BaseService.php(258): CodeIgniter\Config\Services::request()
14 SYSTEMPATH/Config/BaseService.php(199): CodeIgniter\Config\BaseService::__callStatic()
15 SYSTEMPATH/Config/Services.php(559): CodeIgniter\Config\BaseService::getSharedInstance()
16 SYSTEMPATH/Config/BaseService.php(258): CodeIgniter\Config\Services::incomingrequest()
17 SYSTEMPATH/Config/Services.php(539): CodeIgniter\Config\BaseService::__callStatic()
18 SYSTEMPATH/Config/BaseService.php(258): CodeIgniter\Config\Services::createRequest()
19 SYSTEMPATH/CodeIgniter.php(655): CodeIgniter\Config\BaseService::__callStatic()
20 SYSTEMPATH/CodeIgniter.php(355): CodeIgniter\CodeIgniter->getRequestObject()
21 FCPATH/index.php(79): CodeIgniter\CodeIgniter->run()
22 SYSTEMPATH/Commands/Server/rewrite.php(47): require_once('/run/media/degante/DEV/en mantenimiento/webupn/public/index.php')
CRITICAL - 2024-06-20 02:15:32 --> ErrorException: Uncaught CodeIgniter\Exceptions\ConfigException: Config\App::$baseURL "localhost:8080/" is not a valid URL. in /run/media/degante/DEV/en mantenimiento/webupn/system/HTTP/SiteURI.php:199
Stack trace:
#0 /run/media/degante/DEV/en mantenimiento/webupn/system/HTTP/SiteURI.php(145): CodeIgniter\HTTP\SiteURI->normalizeBaseURL()
#1 /run/media/degante/DEV/en mantenimiento/webupn/system/HTTP/SiteURI.php(100): CodeIgniter\HTTP\SiteURI->determineBaseURL()
#2 /run/media/degante/DEV/en mantenimiento/webupn/system/HTTP/SiteURIFactory.php(224): CodeIgniter\HTTP\SiteURI->__construct()
#3 /run/media/degante/DEV/en mantenimiento/webupn/system/HTTP/SiteURIFactory.php(45): CodeIgniter\HTTP\SiteURIFactory->createURIFromRoutePath()
#4 /run/media/degante/DEV/en mantenimiento/webupn/system/Config/Services.php(799): CodeIgniter\HTTP\SiteURIFactory->createFromGlobals()
#5 /run/media/degante/DEV/en mantenimiento/webupn/system/Config/BaseService.php(258): CodeIgniter\Config\Services::uri()
#6 /run/media/degante/DEV/en mantenimiento/webupn/system/Config/BaseService.php(199): CodeIgniter\Config\BaseService::__callStatic()
#7 /run/media/degante/DEV/en mantenimiento/webupn/system/Config/Services.php(792): CodeIgniter\Config\BaseService::getSharedInstance()
#8 /run/media/degante/DEV/en mantenimiento/webupn/system/Config/BaseService.php(258): CodeIgniter\Config\Services::uri()
#9 /run/media/degante/DEV/en mantenimiento/webupn/system/Config/Services.php(566): CodeIgniter\Config\BaseService::__callStatic()
#10 /run/media/degante/DEV/en mantenimiento/webupn/system/Config/BaseService.php(258): CodeIgniter\Config\Services::incomingrequest()
#11 /run/media/degante/DEV/en mantenimiento/webupn/system/Config/Services.php(524): CodeIgniter\Config\BaseService::__callStatic()
#12 /run/media/degante/DEV/en mantenimiento/webupn/system/Config/BaseService.php(258): CodeIgniter\Config\Services::request()
#13 /run/media/degante/DEV/en mantenimiento/webupn/system/Config/BaseService.php(199): CodeIgniter\Config\BaseService::__callStatic()
#14 /run/media/degante/DEV/en mantenimiento/webupn/system/Config/Services.php(520): CodeIgniter\Config\BaseService::getSharedInstance()
#15 /run/media/degante/DEV/en mantenimiento/webupn/system/Config/BaseService.php(258): CodeIgniter\Config\Services::request()
#16 /run/media/degante/DEV/en mantenimiento/webupn/system/Debug/Exceptions.php(150): CodeIgniter\Config\BaseService::__callStatic()
#17 [internal function]: CodeIgniter\Debug\Exceptions->exceptionHandler()
#18 {main}
  thrown
【Previous Exception】
CodeIgniter\Exceptions\ConfigException
Config\App::$baseURL "localhost:8080/" is not a valid URL.
#0 /run/media/degante/DEV/en mantenimiento/webupn/system/HTTP/SiteURI.php(145): CodeIgniter\HTTP\SiteURI->normalizeBaseURL()
#1 /run/media/degante/DEV/en mantenimiento/webupn/system/HTTP/SiteURI.php(100): CodeIgniter\HTTP\SiteURI->determineBaseURL()
#2 /run/media/degante/DEV/en mantenimiento/webupn/system/HTTP/SiteURIFactory.php(224): CodeIgniter\HTTP\SiteURI->__construct()
#3 /run/media/degante/DEV/en mantenimiento/webupn/system/HTTP/SiteURIFactory.php(45): CodeIgniter\HTTP\SiteURIFactory->createURIFromRoutePath()
#4 /run/media/degante/DEV/en mantenimiento/webupn/system/Config/Services.php(799): CodeIgniter\HTTP\SiteURIFactory->createFromGlobals()
#5 /run/media/degante/DEV/en mantenimiento/webupn/system/Config/BaseService.php(258): CodeIgniter\Config\Services::uri()
#6 /run/media/degante/DEV/en mantenimiento/webupn/system/Config/BaseService.php(199): CodeIgniter\Config\BaseService::__callStatic()
#7 /run/media/degante/DEV/en mantenimiento/webupn/system/Config/Services.php(792): CodeIgniter\Config\BaseService::getSharedInstance()
#8 /run/media/degante/DEV/en mantenimiento/webupn/system/Config/BaseService.php(258): CodeIgniter\Config\Services::uri()
#9 /run/media/degante/DEV/en mantenimiento/webupn/system/Config/Services.php(566): CodeIgniter\Config\BaseService::__callStatic()
#10 /run/media/degante/DEV/en mantenimiento/webupn/system/Config/BaseService.php(258): CodeIgniter\Config\Services::incomingrequest()
#11 /run/media/degante/DEV/en mantenimiento/webupn/system/Config/Services.php(524): CodeIgniter\Config\BaseService::__callStatic()
#12 /run/media/degante/DEV/en mantenimiento/webupn/system/Config/BaseService.php(258): CodeIgniter\Config\Services::request()
#13 /run/media/degante/DEV/en mantenimiento/webupn/system/Config/BaseService.php(199): CodeIgniter\Config\BaseService::__callStatic()
#14 /run/media/degante/DEV/en mantenimiento/webupn/system/Config/Services.php(559): CodeIgniter\Config\BaseService::getSharedInstance()
#15 /run/media/degante/DEV/en mantenimiento/webupn/system/Config/BaseService.php(258): CodeIgniter\Config\Services::incomingrequest()
#16 /run/media/degante/DEV/en mantenimiento/webupn/system/Config/Services.php(539): CodeIgniter\Config\BaseService::__callStatic()
#17 /run/media/degante/DEV/en mantenimiento/webupn/system/Config/BaseService.php(258): CodeIgniter\Config\Services::createRequest()
#18 /run/media/degante/DEV/en mantenimiento/webupn/system/CodeIgniter.php(655): CodeIgniter\Config\BaseService::__callStatic()
#19 /run/media/degante/DEV/en mantenimiento/webupn/system/CodeIgniter.php(355): CodeIgniter\CodeIgniter->getRequestObject()
#20 /run/media/degante/DEV/en mantenimiento/webupn/public/index.php(79): CodeIgniter\CodeIgniter->run()
#21 /run/media/degante/DEV/en mantenimiento/webupn/system/Commands/Server/rewrite.php(47): require_once('...')
#22 {main}
in SYSTEMPATH/HTTP/SiteURI.php on line 199.
 1 [internal function]: CodeIgniter\Debug\Exceptions->shutdownHandler()
ERROR - 2024-06-20 13:58:44 --> Error connecting to the database: mysqli_sql_exception: No such file or directory in /run/media/degante/DEV/en mantenimiento/webupn/system/Database/MySQLi/Connection.php:184
Stack trace:
#0 /run/media/degante/DEV/en mantenimiento/webupn/system/Database/MySQLi/Connection.php(184): mysqli->real_connect()
#1 /run/media/degante/DEV/en mantenimiento/webupn/system/Database/BaseConnection.php(392): CodeIgniter\Database\MySQLi\Connection->connect()
#2 /run/media/degante/DEV/en mantenimiento/webupn/system/Database/BaseConnection.php(575): CodeIgniter\Database\BaseConnection->initialize()
#3 /run/media/degante/DEV/en mantenimiento/webupn/system/Database/BaseBuilder.php(1616): CodeIgniter\Database\BaseConnection->query()
#4 /run/media/degante/DEV/en mantenimiento/webupn/system/Model.php(242): CodeIgniter\Database\BaseBuilder->get()
#5 /run/media/degante/DEV/en mantenimiento/webupn/system/BaseModel.php(638): CodeIgniter\Model->doFindAll()
#6 /run/media/degante/DEV/en mantenimiento/webupn/app/Controllers/FrontendController.php(29): CodeIgniter\BaseModel->findAll()
#7 /run/media/degante/DEV/en mantenimiento/webupn/system/CodeIgniter.php(941): App\Controllers\FrontendController->index()
#8 /run/media/degante/DEV/en mantenimiento/webupn/system/CodeIgniter.php(502): CodeIgniter\CodeIgniter->runController()
#9 /run/media/degante/DEV/en mantenimiento/webupn/system/CodeIgniter.php(361): CodeIgniter\CodeIgniter->handleRequest()
#10 /run/media/degante/DEV/en mantenimiento/webupn/public/index.php(79): CodeIgniter\CodeIgniter->run()
#11 /run/media/degante/DEV/en mantenimiento/webupn/system/Commands/Server/rewrite.php(47): require_once('...')
#12 {main}

Next CodeIgniter\Database\Exceptions\DatabaseException: No such file or directory in /run/media/degante/DEV/en mantenimiento/webupn/system/Database/MySQLi/Connection.php:229
Stack trace:
#0 /run/media/degante/DEV/en mantenimiento/webupn/system/Database/BaseConnection.php(392): CodeIgniter\Database\MySQLi\Connection->connect()
#1 /run/media/degante/DEV/en mantenimiento/webupn/system/Database/BaseConnection.php(575): CodeIgniter\Database\BaseConnection->initialize()
#2 /run/media/degante/DEV/en mantenimiento/webupn/system/Database/BaseBuilder.php(1616): CodeIgniter\Database\BaseConnection->query()
#3 /run/media/degante/DEV/en mantenimiento/webupn/system/Model.php(242): CodeIgniter\Database\BaseBuilder->get()
#4 /run/media/degante/DEV/en mantenimiento/webupn/system/BaseModel.php(638): CodeIgniter\Model->doFindAll()
#5 /run/media/degante/DEV/en mantenimiento/webupn/app/Controllers/FrontendController.php(29): CodeIgniter\BaseModel->findAll()
#6 /run/media/degante/DEV/en mantenimiento/webupn/system/CodeIgniter.php(941): App\Controllers\FrontendController->index()
#7 /run/media/degante/DEV/en mantenimiento/webupn/system/CodeIgniter.php(502): CodeIgniter\CodeIgniter->runController()
#8 /run/media/degante/DEV/en mantenimiento/webupn/system/CodeIgniter.php(361): CodeIgniter\CodeIgniter->handleRequest()
#9 /run/media/degante/DEV/en mantenimiento/webupn/public/index.php(79): CodeIgniter\CodeIgniter->run()
#10 /run/media/degante/DEV/en mantenimiento/webupn/system/Commands/Server/rewrite.php(47): require_once('...')
#11 {main}
CRITICAL - 2024-06-20 13:58:44 --> CodeIgniter\Database\Exceptions\DatabaseException: Unable to connect to the database.
Main connection [MySQLi]: No such file or directory
in SYSTEMPATH/Database/BaseConnection.php on line 428.
 1 SYSTEMPATH/Database/BaseConnection.php(575): CodeIgniter\Database\BaseConnection->initialize()
 2 SYSTEMPATH/Database/BaseBuilder.php(1616): CodeIgniter\Database\BaseConnection->query()
 3 SYSTEMPATH/Model.php(242): CodeIgniter\Database\BaseBuilder->get()
 4 SYSTEMPATH/BaseModel.php(638): CodeIgniter\Model->doFindAll()
 5 APPPATH/Controllers/FrontendController.php(29): CodeIgniter\BaseModel->findAll()
 6 SYSTEMPATH/CodeIgniter.php(941): App\Controllers\FrontendController->index()
 7 SYSTEMPATH/CodeIgniter.php(502): CodeIgniter\CodeIgniter->runController()
 8 SYSTEMPATH/CodeIgniter.php(361): CodeIgniter\CodeIgniter->handleRequest()
 9 FCPATH/index.php(79): CodeIgniter\CodeIgniter->run()
10 SYSTEMPATH/Commands/Server/rewrite.php(47): require_once('/run/media/degante/DEV/en mantenimiento/webupn/public/index.php')
CRITICAL - 2024-06-20 13:59:13 --> ErrorException: file_get_contents(https://graph.facebook.com/v17.0/https://www.facebook.com/upn212teziutlan/posts?fields=message,full_picture,created_time&amp;limit=10&amp;access_token=): Failed to open stream: HTTP request failed! HTTP/1.1 403 Forbidden

in APPPATH/Views/frontend/partials/contenido.php on line 7.
 1 [internal function]: CodeIgniter\Debug\Exceptions->errorHandler()
 2 APPPATH/Views/frontend/partials/contenido.php(7): file_get_contents()
 3 SYSTEMPATH/View/View.php(228): include('/run/media/degante/DEV/en mantenimiento/webupn/app/Views/frontend/partials/contenido.php')
 4 SYSTEMPATH/View/View.php(231): CodeIgniter\View\View->CodeIgniter\View\{closure}()
 5 SYSTEMPATH/View/View.php(469): CodeIgniter\View\View->render()
 6 APPPATH/Views/frontend/index.php(6): CodeIgniter\View\View->include()
 7 SYSTEMPATH/View/View.php(228): include('/run/media/degante/DEV/en mantenimiento/webupn/app/Views/frontend/index.php')
 8 SYSTEMPATH/View/View.php(231): CodeIgniter\View\View->CodeIgniter\View\{closure}()
 9 SYSTEMPATH/Common.php(1178): CodeIgniter\View\View->render()
10 APPPATH/Controllers/FrontendController.php(32): view()
11 SYSTEMPATH/CodeIgniter.php(941): App\Controllers\FrontendController->index()
12 SYSTEMPATH/CodeIgniter.php(502): CodeIgniter\CodeIgniter->runController()
13 SYSTEMPATH/CodeIgniter.php(361): CodeIgniter\CodeIgniter->handleRequest()
14 FCPATH/index.php(79): CodeIgniter\CodeIgniter->run()
15 SYSTEMPATH/Commands/Server/rewrite.php(47): require_once('/run/media/degante/DEV/en mantenimiento/webupn/public/index.php')
CRITICAL - 2024-06-20 13:59:16 --> ErrorException: file_get_contents(https://graph.facebook.com/v17.0/https://www.facebook.com/upn212teziutlan/posts?fields=message,full_picture,created_time&amp;limit=10&amp;access_token=): Failed to open stream: HTTP request failed! HTTP/1.1 403 Forbidden

in APPPATH/Views/frontend/partials/contenido.php on line 7.
 1 [internal function]: CodeIgniter\Debug\Exceptions->errorHandler()
 2 APPPATH/Views/frontend/partials/contenido.php(7): file_get_contents()
 3 SYSTEMPATH/View/View.php(228): include('/run/media/degante/DEV/en mantenimiento/webupn/app/Views/frontend/partials/contenido.php')
 4 SYSTEMPATH/View/View.php(231): CodeIgniter\View\View->CodeIgniter\View\{closure}()
 5 SYSTEMPATH/View/View.php(469): CodeIgniter\View\View->render()
 6 APPPATH/Views/frontend/index.php(6): CodeIgniter\View\View->include()
 7 SYSTEMPATH/View/View.php(228): include('/run/media/degante/DEV/en mantenimiento/webupn/app/Views/frontend/index.php')
 8 SYSTEMPATH/View/View.php(231): CodeIgniter\View\View->CodeIgniter\View\{closure}()
 9 SYSTEMPATH/Common.php(1178): CodeIgniter\View\View->render()
10 APPPATH/Controllers/FrontendController.php(32): view()
11 SYSTEMPATH/CodeIgniter.php(941): App\Controllers\FrontendController->index()
12 SYSTEMPATH/CodeIgniter.php(502): CodeIgniter\CodeIgniter->runController()
13 SYSTEMPATH/CodeIgniter.php(361): CodeIgniter\CodeIgniter->handleRequest()
14 FCPATH/index.php(79): CodeIgniter\CodeIgniter->run()
15 SYSTEMPATH/Commands/Server/rewrite.php(47): require_once('/run/media/degante/DEV/en mantenimiento/webupn/public/index.php')
INFO - 2024-06-20 13:59:42 --> Session: Class initialized using 'CodeIgniter\Session\Handlers\FileHandler' driver.
WARNING - 2024-06-20 13:59:42 --> [DEPRECATED] Creation of dynamic property App\Controllers\FrontendController::$session is deprecated in APPPATH/Controllers/FrontendController.php on line 21.
 1 SYSTEMPATH/CodeIgniter.php(913): App\Controllers\FrontendController->__construct()
 2 SYSTEMPATH/CodeIgniter.php(493): CodeIgniter\CodeIgniter->createController()
 3 SYSTEMPATH/CodeIgniter.php(361): CodeIgniter\CodeIgniter->handleRequest(null, Object(Config\Cache), false)
 4 FCPATH/index.php(79): CodeIgniter\CodeIgniter->run()
 5 SYSTEMPATH/Commands/Server/rewrite.php(47): require_once('/run/media/degante/DEV/en mantenimiento/webupn/public/index.php')
CRITICAL - 2024-06-20 13:59:42 --> ErrorException: file_get_contents(https://graph.facebook.com/v17.0/https://www.facebook.com/upn212teziutlan/posts?fields=message,full_picture,created_time&amp;limit=10&amp;access_token=): Failed to open stream: HTTP request failed! HTTP/1.1 403 Forbidden

in APPPATH/Views/frontend/partials/contenido.php on line 7.
 1 [internal function]: CodeIgniter\Debug\Exceptions->errorHandler()
 2 APPPATH/Views/frontend/partials/contenido.php(7): file_get_contents()
 3 SYSTEMPATH/View/View.php(228): include('/run/media/degante/DEV/en mantenimiento/webupn/app/Views/frontend/partials/contenido.php')
 4 SYSTEMPATH/View/View.php(231): CodeIgniter\View\View->CodeIgniter\View\{closure}()
 5 SYSTEMPATH/View/View.php(469): CodeIgniter\View\View->render()
 6 APPPATH/Views/frontend/index.php(6): CodeIgniter\View\View->include()
 7 SYSTEMPATH/View/View.php(228): include('/run/media/degante/DEV/en mantenimiento/webupn/app/Views/frontend/index.php')
 8 SYSTEMPATH/View/View.php(231): CodeIgniter\View\View->CodeIgniter\View\{closure}()
 9 SYSTEMPATH/Common.php(1178): CodeIgniter\View\View->render()
10 APPPATH/Controllers/FrontendController.php(32): view()
11 SYSTEMPATH/CodeIgniter.php(941): App\Controllers\FrontendController->index()
12 SYSTEMPATH/CodeIgniter.php(502): CodeIgniter\CodeIgniter->runController()
13 SYSTEMPATH/CodeIgniter.php(361): CodeIgniter\CodeIgniter->handleRequest()
14 FCPATH/index.php(79): CodeIgniter\CodeIgniter->run()
15 SYSTEMPATH/Commands/Server/rewrite.php(47): require_once('/run/media/degante/DEV/en mantenimiento/webupn/public/index.php')
INFO - 2024-06-20 14:03:19 --> Session: Class initialized using 'CodeIgniter\Session\Handlers\FileHandler' driver.
WARNING - 2024-06-20 14:03:19 --> [DEPRECATED] Creation of dynamic property App\Controllers\FrontendController::$session is deprecated in APPPATH/Controllers/FrontendController.php on line 21.
 1 SYSTEMPATH/CodeIgniter.php(913): App\Controllers\FrontendController->__construct()
 2 SYSTEMPATH/CodeIgniter.php(493): CodeIgniter\CodeIgniter->createController()
 3 SYSTEMPATH/CodeIgniter.php(361): CodeIgniter\CodeIgniter->handleRequest(null, Object(Config\Cache), false)
 4 FCPATH/index.php(79): CodeIgniter\CodeIgniter->run()
 5 SYSTEMPATH/Commands/Server/rewrite.php(47): require_once('/run/media/degante/DEV/en mantenimiento/webupn/public/index.php')
CRITICAL - 2024-06-20 14:03:19 --> ErrorException: file_get_contents(https://graph.facebook.com/v17.0/upn212teziutlan/posts?fields=message,full_picture,created_time&amp;limit=10&amp;access_token=): Failed to open stream: HTTP request failed! HTTP/1.1 403 Forbidden

in APPPATH/Views/frontend/partials/contenido.php on line 7.
 1 [internal function]: CodeIgniter\Debug\Exceptions->errorHandler()
 2 APPPATH/Views/frontend/partials/contenido.php(7): file_get_contents()
 3 SYSTEMPATH/View/View.php(228): include('/run/media/degante/DEV/en mantenimiento/webupn/app/Views/frontend/partials/contenido.php')
 4 SYSTEMPATH/View/View.php(231): CodeIgniter\View\View->CodeIgniter\View\{closure}()
 5 SYSTEMPATH/View/View.php(469): CodeIgniter\View\View->render()
 6 APPPATH/Views/frontend/index.php(6): CodeIgniter\View\View->include()
 7 SYSTEMPATH/View/View.php(228): include('/run/media/degante/DEV/en mantenimiento/webupn/app/Views/frontend/index.php')
 8 SYSTEMPATH/View/View.php(231): CodeIgniter\View\View->CodeIgniter\View\{closure}()
 9 SYSTEMPATH/Common.php(1178): CodeIgniter\View\View->render()
10 APPPATH/Controllers/FrontendController.php(32): view()
11 SYSTEMPATH/CodeIgniter.php(941): App\Controllers\FrontendController->index()
12 SYSTEMPATH/CodeIgniter.php(502): CodeIgniter\CodeIgniter->runController()
13 SYSTEMPATH/CodeIgniter.php(361): CodeIgniter\CodeIgniter->handleRequest()
14 FCPATH/index.php(79): CodeIgniter\CodeIgniter->run()
15 SYSTEMPATH/Commands/Server/rewrite.php(47): require_once('/run/media/degante/DEV/en mantenimiento/webupn/public/index.php')
INFO - 2024-06-20 14:06:44 --> Session: Class initialized using 'CodeIgniter\Session\Handlers\FileHandler' driver.
WARNING - 2024-06-20 14:06:44 --> [DEPRECATED] Creation of dynamic property App\Controllers\FrontendController::$session is deprecated in APPPATH/Controllers/FrontendController.php on line 21.
 1 SYSTEMPATH/CodeIgniter.php(913): App\Controllers\FrontendController->__construct()
 2 SYSTEMPATH/CodeIgniter.php(493): CodeIgniter\CodeIgniter->createController()
 3 SYSTEMPATH/CodeIgniter.php(361): CodeIgniter\CodeIgniter->handleRequest(null, Object(Config\Cache), false)
 4 FCPATH/index.php(79): CodeIgniter\CodeIgniter->run()
 5 SYSTEMPATH/Commands/Server/rewrite.php(47): require_once('/run/media/degante/DEV/en mantenimiento/webupn/public/index.php')
CRITICAL - 2024-06-20 14:06:44 --> ErrorException: file_get_contents(https://graph.facebook.com/v17.0/100091631993854/posts?fields=message,full_picture,created_time&amp;limit=10&amp;access_token=): Failed to open stream: HTTP request failed! HTTP/1.1 400 Bad Request

in APPPATH/Views/frontend/partials/contenido.php on line 7.
 1 [internal function]: CodeIgniter\Debug\Exceptions->errorHandler()
 2 APPPATH/Views/frontend/partials/contenido.php(7): file_get_contents()
 3 SYSTEMPATH/View/View.php(228): include('/run/media/degante/DEV/en mantenimiento/webupn/app/Views/frontend/partials/contenido.php')
 4 SYSTEMPATH/View/View.php(231): CodeIgniter\View\View->CodeIgniter\View\{closure}()
 5 SYSTEMPATH/View/View.php(469): CodeIgniter\View\View->render()
 6 APPPATH/Views/frontend/index.php(6): CodeIgniter\View\View->include()
 7 SYSTEMPATH/View/View.php(228): include('/run/media/degante/DEV/en mantenimiento/webupn/app/Views/frontend/index.php')
 8 SYSTEMPATH/View/View.php(231): CodeIgniter\View\View->CodeIgniter\View\{closure}()
 9 SYSTEMPATH/Common.php(1178): CodeIgniter\View\View->render()
10 APPPATH/Controllers/FrontendController.php(32): view()
11 SYSTEMPATH/CodeIgniter.php(941): App\Controllers\FrontendController->index()
12 SYSTEMPATH/CodeIgniter.php(502): CodeIgniter\CodeIgniter->runController()
13 SYSTEMPATH/CodeIgniter.php(361): CodeIgniter\CodeIgniter->handleRequest()
14 FCPATH/index.php(79): CodeIgniter\CodeIgniter->run()
15 SYSTEMPATH/Commands/Server/rewrite.php(47): require_once('/run/media/degante/DEV/en mantenimiento/webupn/public/index.php')
INFO - 2024-06-20 14:07:19 --> Session: Class initialized using 'CodeIgniter\Session\Handlers\FileHandler' driver.
WARNING - 2024-06-20 14:07:19 --> [DEPRECATED] Creation of dynamic property App\Controllers\FrontendController::$session is deprecated in APPPATH/Controllers/FrontendController.php on line 21.
 1 SYSTEMPATH/CodeIgniter.php(913): App\Controllers\FrontendController->__construct()
 2 SYSTEMPATH/CodeIgniter.php(493): CodeIgniter\CodeIgniter->createController()
 3 SYSTEMPATH/CodeIgniter.php(361): CodeIgniter\CodeIgniter->handleRequest(null, Object(Config\Cache), false)
 4 FCPATH/index.php(79): CodeIgniter\CodeIgniter->run()
 5 SYSTEMPATH/Commands/Server/rewrite.php(47): require_once('/run/media/degante/DEV/en mantenimiento/webupn/public/index.php')
CRITICAL - 2024-06-20 14:07:19 --> ErrorException: file_get_contents(https://graph.facebook.com/v17.0/2220391788200892/posts?fields=message,full_picture,created_time&amp;limit=10&amp;access_token=): Failed to open stream: HTTP request failed! HTTP/1.1 400 Bad Request

in APPPATH/Views/frontend/partials/contenido.php on line 7.
 1 [internal function]: CodeIgniter\Debug\Exceptions->errorHandler()
 2 APPPATH/Views/frontend/partials/contenido.php(7): file_get_contents()
 3 SYSTEMPATH/View/View.php(228): include('/run/media/degante/DEV/en mantenimiento/webupn/app/Views/frontend/partials/contenido.php')
 4 SYSTEMPATH/View/View.php(231): CodeIgniter\View\View->CodeIgniter\View\{closure}()
 5 SYSTEMPATH/View/View.php(469): CodeIgniter\View\View->render()
 6 APPPATH/Views/frontend/index.php(6): CodeIgniter\View\View->include()
 7 SYSTEMPATH/View/View.php(228): include('/run/media/degante/DEV/en mantenimiento/webupn/app/Views/frontend/index.php')
 8 SYSTEMPATH/View/View.php(231): CodeIgniter\View\View->CodeIgniter\View\{closure}()
 9 SYSTEMPATH/Common.php(1178): CodeIgniter\View\View->render()
10 APPPATH/Controllers/FrontendController.php(32): view()
11 SYSTEMPATH/CodeIgniter.php(941): App\Controllers\FrontendController->index()
12 SYSTEMPATH/CodeIgniter.php(502): CodeIgniter\CodeIgniter->runController()
13 SYSTEMPATH/CodeIgniter.php(361): CodeIgniter\CodeIgniter->handleRequest()
14 FCPATH/index.php(79): CodeIgniter\CodeIgniter->run()
15 SYSTEMPATH/Commands/Server/rewrite.php(47): require_once('/run/media/degante/DEV/en mantenimiento/webupn/public/index.php')
INFO - 2024-06-20 14:10:09 --> Session: Class initialized using 'CodeIgniter\Session\Handlers\FileHandler' driver.
WARNING - 2024-06-20 14:10:09 --> [DEPRECATED] Creation of dynamic property App\Controllers\FrontendController::$session is deprecated in APPPATH/Controllers/FrontendController.php on line 21.
 1 SYSTEMPATH/CodeIgniter.php(913): App\Controllers\FrontendController->__construct()
 2 SYSTEMPATH/CodeIgniter.php(493): CodeIgniter\CodeIgniter->createController()
 3 SYSTEMPATH/CodeIgniter.php(361): CodeIgniter\CodeIgniter->handleRequest(null, Object(Config\Cache), false)
 4 FCPATH/index.php(79): CodeIgniter\CodeIgniter->run()
 5 SYSTEMPATH/Commands/Server/rewrite.php(47): require_once('/run/media/degante/DEV/en mantenimiento/webupn/public/index.php')
CRITICAL - 2024-06-20 14:10:09 --> ErrorException: file_get_contents(https://graph.facebook.com/v17.0/100064162057334/posts?fields=message,full_picture,created_time&amp;limit=10&amp;access_token=): Failed to open stream: HTTP request failed! HTTP/1.1 400 Bad Request

in APPPATH/Views/frontend/partials/contenido.php on line 7.
 1 [internal function]: CodeIgniter\Debug\Exceptions->errorHandler()
 2 APPPATH/Views/frontend/partials/contenido.php(7): file_get_contents()
 3 SYSTEMPATH/View/View.php(228): include('/run/media/degante/DEV/en mantenimiento/webupn/app/Views/frontend/partials/contenido.php')
 4 SYSTEMPATH/View/View.php(231): CodeIgniter\View\View->CodeIgniter\View\{closure}()
 5 SYSTEMPATH/View/View.php(469): CodeIgniter\View\View->render()
 6 APPPATH/Views/frontend/index.php(6): CodeIgniter\View\View->include()
 7 SYSTEMPATH/View/View.php(228): include('/run/media/degante/DEV/en mantenimiento/webupn/app/Views/frontend/index.php')
 8 SYSTEMPATH/View/View.php(231): CodeIgniter\View\View->CodeIgniter\View\{closure}()
 9 SYSTEMPATH/Common.php(1178): CodeIgniter\View\View->render()
10 APPPATH/Controllers/FrontendController.php(32): view()
11 SYSTEMPATH/CodeIgniter.php(941): App\Controllers\FrontendController->index()
12 SYSTEMPATH/CodeIgniter.php(502): CodeIgniter\CodeIgniter->runController()
13 SYSTEMPATH/CodeIgniter.php(361): CodeIgniter\CodeIgniter->handleRequest()
14 FCPATH/index.php(79): CodeIgniter\CodeIgniter->run()
15 SYSTEMPATH/Commands/Server/rewrite.php(47): require_once('/run/media/degante/DEV/en mantenimiento/webupn/public/index.php')
INFO - 2024-06-20 14:11:49 --> Session: Class initialized using 'CodeIgniter\Session\Handlers\FileHandler' driver.
WARNING - 2024-06-20 14:11:49 --> [DEPRECATED] Creation of dynamic property App\Controllers\FrontendController::$session is deprecated in APPPATH/Controllers/FrontendController.php on line 21.
 1 SYSTEMPATH/CodeIgniter.php(913): App\Controllers\FrontendController->__construct()
 2 SYSTEMPATH/CodeIgniter.php(493): CodeIgniter\CodeIgniter->createController()
 3 SYSTEMPATH/CodeIgniter.php(361): CodeIgniter\CodeIgniter->handleRequest(null, Object(Config\Cache), false)
 4 FCPATH/index.php(79): CodeIgniter\CodeIgniter->run()
 5 SYSTEMPATH/Commands/Server/rewrite.php(47): require_once('/run/media/degante/DEV/en mantenimiento/webupn/public/index.php')
CRITICAL - 2024-06-20 14:11:49 --> ErrorException: file_get_contents(https://graph.facebook.com/v17.0/100064162057334/posts?fields=message,full_picture,created_time&amp;limit=10&amp;access_token=): Failed to open stream: HTTP request failed! HTTP/1.1 400 Bad Request

in APPPATH/Views/frontend/partials/contenido.php on line 7.
 1 [internal function]: CodeIgniter\Debug\Exceptions->errorHandler()
 2 APPPATH/Views/frontend/partials/contenido.php(7): file_get_contents()
 3 SYSTEMPATH/View/View.php(228): include('/run/media/degante/DEV/en mantenimiento/webupn/app/Views/frontend/partials/contenido.php')
 4 SYSTEMPATH/View/View.php(231): CodeIgniter\View\View->CodeIgniter\View\{closure}()
 5 SYSTEMPATH/View/View.php(469): CodeIgniter\View\View->render()
 6 APPPATH/Views/frontend/index.php(6): CodeIgniter\View\View->include()
 7 SYSTEMPATH/View/View.php(228): include('/run/media/degante/DEV/en mantenimiento/webupn/app/Views/frontend/index.php')
 8 SYSTEMPATH/View/View.php(231): CodeIgniter\View\View->CodeIgniter\View\{closure}()
 9 SYSTEMPATH/Common.php(1178): CodeIgniter\View\View->render()
10 APPPATH/Controllers/FrontendController.php(32): view()
11 SYSTEMPATH/CodeIgniter.php(941): App\Controllers\FrontendController->index()
12 SYSTEMPATH/CodeIgniter.php(502): CodeIgniter\CodeIgniter->runController()
13 SYSTEMPATH/CodeIgniter.php(361): CodeIgniter\CodeIgniter->handleRequest()
14 FCPATH/index.php(79): CodeIgniter\CodeIgniter->run()
15 SYSTEMPATH/Commands/Server/rewrite.php(47): require_once('/run/media/degante/DEV/en mantenimiento/webupn/public/index.php')
INFO - 2024-06-20 14:14:46 --> Session: Class initialized using 'CodeIgniter\Session\Handlers\FileHandler' driver.
WARNING - 2024-06-20 14:14:46 --> [DEPRECATED] Creation of dynamic property App\Controllers\FrontendController::$session is deprecated in APPPATH/Controllers/FrontendController.php on line 21.
 1 SYSTEMPATH/CodeIgniter.php(913): App\Controllers\FrontendController->__construct()
 2 SYSTEMPATH/CodeIgniter.php(493): CodeIgniter\CodeIgniter->createController()
 3 SYSTEMPATH/CodeIgniter.php(361): CodeIgniter\CodeIgniter->handleRequest(null, Object(Config\Cache), false)
 4 FCPATH/index.php(79): CodeIgniter\CodeIgniter->run()
 5 SYSTEMPATH/Commands/Server/rewrite.php(47): require_once('/run/media/degante/DEV/en mantenimiento/webupn/public/index.php')
CRITICAL - 2024-06-20 14:14:46 --> ErrorException: file_get_contents(https://graph.facebook.com/v17.0/100064162057334?fields=name,category): Failed to open stream: HTTP request failed! HTTP/1.1 400 Bad Request

in APPPATH/Views/frontend/partials/contenido.php on line 6.
 1 [internal function]: CodeIgniter\Debug\Exceptions->errorHandler()
 2 APPPATH/Views/frontend/partials/contenido.php(6): file_get_contents()
 3 SYSTEMPATH/View/View.php(228): include('/run/media/degante/DEV/en mantenimiento/webupn/app/Views/frontend/partials/contenido.php')
 4 SYSTEMPATH/View/View.php(231): CodeIgniter\View\View->CodeIgniter\View\{closure}()
 5 SYSTEMPATH/View/View.php(469): CodeIgniter\View\View->render()
 6 APPPATH/Views/frontend/index.php(6): CodeIgniter\View\View->include()
 7 SYSTEMPATH/View/View.php(228): include('/run/media/degante/DEV/en mantenimiento/webupn/app/Views/frontend/index.php')
 8 SYSTEMPATH/View/View.php(231): CodeIgniter\View\View->CodeIgniter\View\{closure}()
 9 SYSTEMPATH/Common.php(1178): CodeIgniter\View\View->render()
10 APPPATH/Controllers/FrontendController.php(32): view()
11 SYSTEMPATH/CodeIgniter.php(941): App\Controllers\FrontendController->index()
12 SYSTEMPATH/CodeIgniter.php(502): CodeIgniter\CodeIgniter->runController()
13 SYSTEMPATH/CodeIgniter.php(361): CodeIgniter\CodeIgniter->handleRequest()
14 FCPATH/index.php(79): CodeIgniter\CodeIgniter->run()
15 SYSTEMPATH/Commands/Server/rewrite.php(47): require_once('/run/media/degante/DEV/en mantenimiento/webupn/public/index.php')
