INFO - 2024-06-25 14:31:02 --> Session: Class initialized using 'CodeIgniter\Session\Handlers\FileHandler' driver.
WARNING - 2024-06-25 14:31:02 --> [DEPRECATED] Creation of dynamic property App\Controllers\FrontendController::$session is deprecated in APPPATH\Controllers\FrontendController.php on line 21.
 1 SYSTEMPATH\CodeIgniter.php(913): App\Controllers\FrontendController->__construct()
 2 SYSTEMPATH\CodeIgniter.php(493): CodeIgniter\CodeIgniter->createController()
 3 SYSTEMPATH\CodeIgniter.php(361): CodeIgniter\CodeIgniter->handleRequest(null, Object(Config\Cache), false)
 4 FCPATH\index.php(79): CodeIgniter\CodeIgniter->run()
 5 SYSTEMPATH\Commands\Server\rewrite.php(47): require_once('D:\\en mantenimiento\\webupn\\public\\index.php')
ERROR - 2024-06-25 14:31:02 --> Error connecting to the database: mysqli_sql_exception: Access denied for user 'useradmin'@'localhost' (using password: YES) in D:\en mantenimiento\webupn\system\Database\MySQLi\Connection.php:184
Stack trace:
#0 D:\en mantenimiento\webupn\system\Database\MySQLi\Connection.php(184): mysqli->real_connect('localhost', 'useradmin', Object(SensitiveParameterValue), 'webupn', 3306, '', 0)
#1 D:\en mantenimiento\webupn\system\Database\BaseConnection.php(392): CodeIgniter\Database\MySQLi\Connection->connect(false)
#2 D:\en mantenimiento\webupn\system\Database\BaseConnection.php(575): CodeIgniter\Database\BaseConnection->initialize()
#3 D:\en mantenimiento\webupn\system\Database\BaseBuilder.php(1616): CodeIgniter\Database\BaseConnection->query('SELECT *\nFROM `...', Array, false)
#4 D:\en mantenimiento\webupn\system\Model.php(242): CodeIgniter\Database\BaseBuilder->get()
#5 D:\en mantenimiento\webupn\system\BaseModel.php(638): CodeIgniter\Model->doFindAll(0, 0)
#6 D:\en mantenimiento\webupn\app\Controllers\FrontendController.php(29): CodeIgniter\BaseModel->findAll()
#7 D:\en mantenimiento\webupn\system\CodeIgniter.php(941): App\Controllers\FrontendController->index()
#8 D:\en mantenimiento\webupn\system\CodeIgniter.php(502): CodeIgniter\CodeIgniter->runController(Object(App\Controllers\FrontendController))
#9 D:\en mantenimiento\webupn\system\CodeIgniter.php(361): CodeIgniter\CodeIgniter->handleRequest(NULL, Object(Config\Cache), false)
#10 D:\en mantenimiento\webupn\public\index.php(79): CodeIgniter\CodeIgniter->run()
#11 D:\en mantenimiento\webupn\system\Commands\Server\rewrite.php(47): require_once('D:\\en mantenimi...')
#12 {main}

Next CodeIgniter\Database\Exceptions\DatabaseException: Access denied for user '****'@'localhost' (using password: YES) in D:\en mantenimiento\webupn\system\Database\MySQLi\Connection.php:229
Stack trace:
#0 D:\en mantenimiento\webupn\system\Database\BaseConnection.php(392): CodeIgniter\Database\MySQLi\Connection->connect(false)
#1 D:\en mantenimiento\webupn\system\Database\BaseConnection.php(575): CodeIgniter\Database\BaseConnection->initialize()
#2 D:\en mantenimiento\webupn\system\Database\BaseBuilder.php(1616): CodeIgniter\Database\BaseConnection->query('SELECT *\nFROM `...', Array, false)
#3 D:\en mantenimiento\webupn\system\Model.php(242): CodeIgniter\Database\BaseBuilder->get()
#4 D:\en mantenimiento\webupn\system\BaseModel.php(638): CodeIgniter\Model->doFindAll(0, 0)
#5 D:\en mantenimiento\webupn\app\Controllers\FrontendController.php(29): CodeIgniter\BaseModel->findAll()
#6 D:\en mantenimiento\webupn\system\CodeIgniter.php(941): App\Controllers\FrontendController->index()
#7 D:\en mantenimiento\webupn\system\CodeIgniter.php(502): CodeIgniter\CodeIgniter->runController(Object(App\Controllers\FrontendController))
#8 D:\en mantenimiento\webupn\system\CodeIgniter.php(361): CodeIgniter\CodeIgniter->handleRequest(NULL, Object(Config\Cache), false)
#9 D:\en mantenimiento\webupn\public\index.php(79): CodeIgniter\CodeIgniter->run()
#10 D:\en mantenimiento\webupn\system\Commands\Server\rewrite.php(47): require_once('D:\\en mantenimi...')
#11 {main}
CRITICAL - 2024-06-25 14:31:02 --> CodeIgniter\Database\Exceptions\DatabaseException: Unable to connect to the database.
Main connection [MySQLi]: Access denied for user '****'@'localhost' (using password: YES)
in SYSTEMPATH\Database\BaseConnection.php on line 428.
 1 SYSTEMPATH\Database\BaseConnection.php(575): CodeIgniter\Database\BaseConnection->initialize()
 2 SYSTEMPATH\Database\BaseBuilder.php(1616): CodeIgniter\Database\BaseConnection->query('SELECT *
FROM `carousel`
WHERE `estado` = :estado:', [...], false)
 3 SYSTEMPATH\Model.php(242): CodeIgniter\Database\BaseBuilder->get()
 4 SYSTEMPATH\BaseModel.php(638): CodeIgniter\Model->doFindAll(0, 0)
 5 APPPATH\Controllers\FrontendController.php(29): CodeIgniter\BaseModel->findAll()
 6 SYSTEMPATH\CodeIgniter.php(941): App\Controllers\FrontendController->index()
 7 SYSTEMPATH\CodeIgniter.php(502): CodeIgniter\CodeIgniter->runController(Object(App\Controllers\FrontendController))
 8 SYSTEMPATH\CodeIgniter.php(361): CodeIgniter\CodeIgniter->handleRequest(null, Object(Config\Cache), false)
 9 FCPATH\index.php(79): CodeIgniter\CodeIgniter->run()
10 SYSTEMPATH\Commands\Server\rewrite.php(47): require_once('D:\\en mantenimiento\\webupn\\public\\index.php')
INFO - 2024-06-25 14:31:20 --> Session: Class initialized using 'CodeIgniter\Session\Handlers\FileHandler' driver.
WARNING - 2024-06-25 14:31:20 --> [DEPRECATED] Creation of dynamic property App\Controllers\FrontendController::$session is deprecated in APPPATH\Controllers\FrontendController.php on line 21.
 1 SYSTEMPATH\CodeIgniter.php(913): App\Controllers\FrontendController->__construct()
 2 SYSTEMPATH\CodeIgniter.php(493): CodeIgniter\CodeIgniter->createController()
 3 SYSTEMPATH\CodeIgniter.php(361): CodeIgniter\CodeIgniter->handleRequest(null, Object(Config\Cache), false)
 4 FCPATH\index.php(79): CodeIgniter\CodeIgniter->run()
 5 SYSTEMPATH\Commands\Server\rewrite.php(47): require_once('D:\\en mantenimiento\\webupn\\public\\index.php')
CRITICAL - 2024-06-25 14:31:21 --> ErrorException: file_get_contents(https://graph.facebook.com/v17.0/100064162057334?fields=name,category): Failed to open stream: HTTP request failed! HTTP/1.1 400 Bad Request

in APPPATH\Views\frontend\partials\contenido.php on line 6.
 1 [internal function]: CodeIgniter\Debug\Exceptions->errorHandler(2, 'file_get_contents(https://graph.facebook.com/v17.0/100064162057334?fields=name,category): Failed to open stream: HTTP request failed! HTTP/1.1 400 Bad Request
', 'D:\\en mantenimiento\\webupn\\app\\Views\\frontend\\partials\\contenido.php', 6)
 2 APPPATH\Views\frontend\partials\contenido.php(6): file_get_contents('https://graph.facebook.com/v17.0/100064162057334?fields=name,category')
 3 SYSTEMPATH\View\View.php(228): include('D:\\en mantenimiento\\webupn\\app\\Views\\frontend\\partials\\contenido.php')
 4 SYSTEMPATH\View\View.php(231): CodeIgniter\View\View->CodeIgniter\View\{closure}()
 5 SYSTEMPATH\View\View.php(469): CodeIgniter\View\View->render('./frontend/partials/contenido', null, true)
 6 APPPATH\Views\frontend\index.php(6): CodeIgniter\View\View->include('./frontend/partials/contenido')
 7 SYSTEMPATH\View\View.php(228): include('D:\\en mantenimiento\\webupn\\app\\Views\\frontend\\index.php')
 8 SYSTEMPATH\View\View.php(231): CodeIgniter\View\View->CodeIgniter\View\{closure}()
 9 SYSTEMPATH\Common.php(1178): CodeIgniter\View\View->render('frontend/index', [], true)
10 APPPATH\Controllers\FrontendController.php(32): view('frontend/index', [...])
11 SYSTEMPATH\CodeIgniter.php(941): App\Controllers\FrontendController->index()
12 SYSTEMPATH\CodeIgniter.php(502): CodeIgniter\CodeIgniter->runController(Object(App\Controllers\FrontendController))
13 SYSTEMPATH\CodeIgniter.php(361): CodeIgniter\CodeIgniter->handleRequest(null, Object(Config\Cache), false)
14 FCPATH\index.php(79): CodeIgniter\CodeIgniter->run()
15 SYSTEMPATH\Commands\Server\rewrite.php(47): require_once('D:\\en mantenimiento\\webupn\\public\\index.php')
INFO - 2024-06-25 14:33:24 --> Session: Class initialized using 'CodeIgniter\Session\Handlers\FileHandler' driver.
WARNING - 2024-06-25 14:33:24 --> [DEPRECATED] Creation of dynamic property App\Controllers\FrontendController::$session is deprecated in APPPATH\Controllers\FrontendController.php on line 21.
 1 SYSTEMPATH\CodeIgniter.php(913): App\Controllers\FrontendController->__construct()
 2 SYSTEMPATH\CodeIgniter.php(493): CodeIgniter\CodeIgniter->createController()
 3 SYSTEMPATH\CodeIgniter.php(361): CodeIgniter\CodeIgniter->handleRequest(null, Object(Config\Cache), false)
 4 FCPATH\index.php(79): CodeIgniter\CodeIgniter->run()
 5 SYSTEMPATH\Commands\Server\rewrite.php(47): require_once('D:\\en mantenimiento\\webupn\\public\\index.php')
CRITICAL - 2024-06-25 14:33:24 --> ErrorException: file_get_contents(https://graph.facebook.com/v17.0/100064162057334?fields=name,category): Failed to open stream: HTTP request failed! HTTP/1.1 400 Bad Request

in APPPATH\Views\frontend\partials\contenido.php on line 7.
 1 [internal function]: CodeIgniter\Debug\Exceptions->errorHandler(2, 'file_get_contents(https://graph.facebook.com/v17.0/100064162057334?fields=name,category): Failed to open stream: HTTP request failed! HTTP/1.1 400 Bad Request
', 'D:\\en mantenimiento\\webupn\\app\\Views\\frontend\\partials\\contenido.php', 7)
 2 APPPATH\Views\frontend\partials\contenido.php(7): file_get_contents('https://graph.facebook.com/v17.0/100064162057334?fields=name,category')
 3 SYSTEMPATH\View\View.php(228): include('D:\\en mantenimiento\\webupn\\app\\Views\\frontend\\partials\\contenido.php')
 4 SYSTEMPATH\View\View.php(231): CodeIgniter\View\View->CodeIgniter\View\{closure}()
 5 SYSTEMPATH\View\View.php(469): CodeIgniter\View\View->render('./frontend/partials/contenido', null, true)
 6 APPPATH\Views\frontend\index.php(6): CodeIgniter\View\View->include('./frontend/partials/contenido')
 7 SYSTEMPATH\View\View.php(228): include('D:\\en mantenimiento\\webupn\\app\\Views\\frontend\\index.php')
 8 SYSTEMPATH\View\View.php(231): CodeIgniter\View\View->CodeIgniter\View\{closure}()
 9 SYSTEMPATH\Common.php(1178): CodeIgniter\View\View->render('frontend/index', [], true)
10 APPPATH\Controllers\FrontendController.php(32): view('frontend/index', [...])
11 SYSTEMPATH\CodeIgniter.php(941): App\Controllers\FrontendController->index()
12 SYSTEMPATH\CodeIgniter.php(502): CodeIgniter\CodeIgniter->runController(Object(App\Controllers\FrontendController))
13 SYSTEMPATH\CodeIgniter.php(361): CodeIgniter\CodeIgniter->handleRequest(null, Object(Config\Cache), false)
14 FCPATH\index.php(79): CodeIgniter\CodeIgniter->run()
15 SYSTEMPATH\Commands\Server\rewrite.php(47): require_once('D:\\en mantenimiento\\webupn\\public\\index.php')
INFO - 2024-06-25 14:33:58 --> Session: Class initialized using 'CodeIgniter\Session\Handlers\FileHandler' driver.
WARNING - 2024-06-25 14:33:59 --> [DEPRECATED] Creation of dynamic property App\Controllers\FrontendController::$session is deprecated in APPPATH\Controllers\FrontendController.php on line 21.
 1 SYSTEMPATH\CodeIgniter.php(913): App\Controllers\FrontendController->__construct()
 2 SYSTEMPATH\CodeIgniter.php(493): CodeIgniter\CodeIgniter->createController()
 3 SYSTEMPATH\CodeIgniter.php(361): CodeIgniter\CodeIgniter->handleRequest(null, Object(Config\Cache), false)
 4 FCPATH\index.php(79): CodeIgniter\CodeIgniter->run()
 5 SYSTEMPATH\Commands\Server\rewrite.php(47): require_once('D:\\en mantenimiento\\webupn\\public\\index.php')
CRITICAL - 2024-06-25 14:33:59 --> ErrorException: Undefined variable $newsData
in APPPATH\Views\frontend\partials\contenido.php on line 22.
 1 APPPATH\Views\frontend\partials\contenido.php(22): CodeIgniter\Debug\Exceptions->errorHandler(2, 'Undefined variable $newsData', 'D:\\en mantenimiento\\webupn\\app\\Views\\frontend\\partials\\contenido.php', 22)
 2 SYSTEMPATH\View\View.php(228): include('D:\\en mantenimiento\\webupn\\app\\Views\\frontend\\partials\\contenido.php')
 3 SYSTEMPATH\View\View.php(231): CodeIgniter\View\View->CodeIgniter\View\{closure}()
 4 SYSTEMPATH\View\View.php(469): CodeIgniter\View\View->render('./frontend/partials/contenido', null, true)
 5 APPPATH\Views\frontend\index.php(6): CodeIgniter\View\View->include('./frontend/partials/contenido')
 6 SYSTEMPATH\View\View.php(228): include('D:\\en mantenimiento\\webupn\\app\\Views\\frontend\\index.php')
 7 SYSTEMPATH\View\View.php(231): CodeIgniter\View\View->CodeIgniter\View\{closure}()
 8 SYSTEMPATH\Common.php(1178): CodeIgniter\View\View->render('frontend/index', [], true)
 9 APPPATH\Controllers\FrontendController.php(32): view('frontend/index', [...])
10 SYSTEMPATH\CodeIgniter.php(941): App\Controllers\FrontendController->index()
11 SYSTEMPATH\CodeIgniter.php(502): CodeIgniter\CodeIgniter->runController(Object(App\Controllers\FrontendController))
12 SYSTEMPATH\CodeIgniter.php(361): CodeIgniter\CodeIgniter->handleRequest(null, Object(Config\Cache), false)
13 FCPATH\index.php(79): CodeIgniter\CodeIgniter->run()
14 SYSTEMPATH\Commands\Server\rewrite.php(47): require_once('D:\\en mantenimiento\\webupn\\public\\index.php')
INFO - 2024-06-25 14:35:25 --> Session: Class initialized using 'CodeIgniter\Session\Handlers\FileHandler' driver.
WARNING - 2024-06-25 14:35:25 --> [DEPRECATED] Creation of dynamic property App\Controllers\FrontendController::$session is deprecated in APPPATH\Controllers\FrontendController.php on line 21.
 1 SYSTEMPATH\CodeIgniter.php(913): App\Controllers\FrontendController->__construct()
 2 SYSTEMPATH\CodeIgniter.php(493): CodeIgniter\CodeIgniter->createController()
 3 SYSTEMPATH\CodeIgniter.php(361): CodeIgniter\CodeIgniter->handleRequest(null, Object(Config\Cache), false)
 4 FCPATH\index.php(79): CodeIgniter\CodeIgniter->run()
 5 SYSTEMPATH\Commands\Server\rewrite.php(47): require_once('D:\\en mantenimiento\\webupn\\public\\index.php')
CRITICAL - 2024-06-25 14:35:25 --> ErrorException: foreach() argument must be of type array|object, null given
in APPPATH\Views\frontend\partials\contenido.php on line 25.
 1 APPPATH\Views\frontend\partials\contenido.php(25): CodeIgniter\Debug\Exceptions->errorHandler(2, 'foreach() argument must be of type array|object, null given', 'D:\\en mantenimiento\\webupn\\app\\Views\\frontend\\partials\\contenido.php', 25)
 2 SYSTEMPATH\View\View.php(228): include('D:\\en mantenimiento\\webupn\\app\\Views\\frontend\\partials\\contenido.php')
 3 SYSTEMPATH\View\View.php(231): CodeIgniter\View\View->CodeIgniter\View\{closure}()
 4 SYSTEMPATH\View\View.php(469): CodeIgniter\View\View->render('./frontend/partials/contenido', null, true)
 5 APPPATH\Views\frontend\index.php(6): CodeIgniter\View\View->include('./frontend/partials/contenido')
 6 SYSTEMPATH\View\View.php(228): include('D:\\en mantenimiento\\webupn\\app\\Views\\frontend\\index.php')
 7 SYSTEMPATH\View\View.php(231): CodeIgniter\View\View->CodeIgniter\View\{closure}()
 8 SYSTEMPATH\Common.php(1178): CodeIgniter\View\View->render('frontend/index', [], true)
 9 APPPATH\Controllers\FrontendController.php(32): view('frontend/index', [...])
10 SYSTEMPATH\CodeIgniter.php(941): App\Controllers\FrontendController->index()
11 SYSTEMPATH\CodeIgniter.php(502): CodeIgniter\CodeIgniter->runController(Object(App\Controllers\FrontendController))
12 SYSTEMPATH\CodeIgniter.php(361): CodeIgniter\CodeIgniter->handleRequest(null, Object(Config\Cache), false)
13 FCPATH\index.php(79): CodeIgniter\CodeIgniter->run()
14 SYSTEMPATH\Commands\Server\rewrite.php(47): require_once('D:\\en mantenimiento\\webupn\\public\\index.php')
INFO - 2024-06-25 14:38:57 --> Session: Class initialized using 'CodeIgniter\Session\Handlers\FileHandler' driver.
WARNING - 2024-06-25 14:38:57 --> [DEPRECATED] Creation of dynamic property App\Controllers\FrontendController::$session is deprecated in APPPATH\Controllers\FrontendController.php on line 21.
 1 SYSTEMPATH\CodeIgniter.php(913): App\Controllers\FrontendController->__construct()
 2 SYSTEMPATH\CodeIgniter.php(493): CodeIgniter\CodeIgniter->createController()
 3 SYSTEMPATH\CodeIgniter.php(361): CodeIgniter\CodeIgniter->handleRequest(null, Object(Config\Cache), false)
 4 FCPATH\index.php(79): CodeIgniter\CodeIgniter->run()
 5 SYSTEMPATH\Commands\Server\rewrite.php(47): require_once('D:\\en mantenimiento\\webupn\\public\\index.php')
INFO - 2024-06-25 14:39:18 --> Session: Class initialized using 'CodeIgniter\Session\Handlers\FileHandler' driver.
WARNING - 2024-06-25 14:39:18 --> [DEPRECATED] Creation of dynamic property App\Controllers\FrontendController::$session is deprecated in APPPATH\Controllers\FrontendController.php on line 21.
 1 SYSTEMPATH\CodeIgniter.php(913): App\Controllers\FrontendController->__construct()
 2 SYSTEMPATH\CodeIgniter.php(493): CodeIgniter\CodeIgniter->createController()
 3 SYSTEMPATH\CodeIgniter.php(361): CodeIgniter\CodeIgniter->handleRequest(null, Object(Config\Cache), false)
 4 FCPATH\index.php(79): CodeIgniter\CodeIgniter->run()
 5 SYSTEMPATH\Commands\Server\rewrite.php(47): require_once('D:\\en mantenimiento\\webupn\\public\\index.php')
INFO - 2024-06-25 14:41:12 --> Session: Class initialized using 'CodeIgniter\Session\Handlers\FileHandler' driver.
WARNING - 2024-06-25 14:41:12 --> [DEPRECATED] Creation of dynamic property App\Controllers\FrontendController::$session is deprecated in APPPATH\Controllers\FrontendController.php on line 21.
 1 SYSTEMPATH\CodeIgniter.php(913): App\Controllers\FrontendController->__construct()
 2 SYSTEMPATH\CodeIgniter.php(493): CodeIgniter\CodeIgniter->createController()
 3 SYSTEMPATH\CodeIgniter.php(361): CodeIgniter\CodeIgniter->handleRequest(null, Object(Config\Cache), false)
 4 FCPATH\index.php(79): CodeIgniter\CodeIgniter->run()
 5 SYSTEMPATH\Commands\Server\rewrite.php(47): require_once('D:\\en mantenimiento\\webupn\\public\\index.php')
INFO - 2024-06-25 14:56:29 --> Session: Class initialized using 'CodeIgniter\Session\Handlers\FileHandler' driver.
WARNING - 2024-06-25 14:56:29 --> [DEPRECATED] Creation of dynamic property App\Controllers\FrontendController::$session is deprecated in APPPATH\Controllers\FrontendController.php on line 21.
 1 SYSTEMPATH\CodeIgniter.php(913): App\Controllers\FrontendController->__construct()
 2 SYSTEMPATH\CodeIgniter.php(493): CodeIgniter\CodeIgniter->createController()
 3 SYSTEMPATH\CodeIgniter.php(361): CodeIgniter\CodeIgniter->handleRequest(null, Object(Config\Cache), false)
 4 FCPATH\index.php(79): CodeIgniter\CodeIgniter->run()
 5 SYSTEMPATH\Commands\Server\rewrite.php(47): require_once('D:\\en mantenimiento\\webupn\\public\\index.php')
INFO - 2024-06-25 14:57:01 --> Session: Class initialized using 'CodeIgniter\Session\Handlers\FileHandler' driver.
WARNING - 2024-06-25 14:57:01 --> [DEPRECATED] Creation of dynamic property App\Controllers\FrontendController::$session is deprecated in APPPATH\Controllers\FrontendController.php on line 21.
 1 SYSTEMPATH\CodeIgniter.php(913): App\Controllers\FrontendController->__construct()
 2 SYSTEMPATH\CodeIgniter.php(493): CodeIgniter\CodeIgniter->createController()
 3 SYSTEMPATH\CodeIgniter.php(361): CodeIgniter\CodeIgniter->handleRequest(null, Object(Config\Cache), false)
 4 FCPATH\index.php(79): CodeIgniter\CodeIgniter->run()
 5 SYSTEMPATH\Commands\Server\rewrite.php(47): require_once('D:\\en mantenimiento\\webupn\\public\\index.php')
INFO - 2024-06-25 14:57:20 --> Session: Class initialized using 'CodeIgniter\Session\Handlers\FileHandler' driver.
WARNING - 2024-06-25 14:57:20 --> [DEPRECATED] Creation of dynamic property App\Controllers\FrontendController::$session is deprecated in APPPATH\Controllers\FrontendController.php on line 21.
 1 SYSTEMPATH\CodeIgniter.php(913): App\Controllers\FrontendController->__construct()
 2 SYSTEMPATH\CodeIgniter.php(493): CodeIgniter\CodeIgniter->createController()
 3 SYSTEMPATH\CodeIgniter.php(361): CodeIgniter\CodeIgniter->handleRequest(null, Object(Config\Cache), false)
 4 FCPATH\index.php(79): CodeIgniter\CodeIgniter->run()
 5 SYSTEMPATH\Commands\Server\rewrite.php(47): require_once('D:\\en mantenimiento\\webupn\\public\\index.php')
INFO - 2024-06-25 14:57:52 --> Session: Class initialized using 'CodeIgniter\Session\Handlers\FileHandler' driver.
WARNING - 2024-06-25 14:57:52 --> [DEPRECATED] Creation of dynamic property App\Controllers\FrontendController::$session is deprecated in APPPATH\Controllers\FrontendController.php on line 21.
 1 SYSTEMPATH\CodeIgniter.php(913): App\Controllers\FrontendController->__construct()
 2 SYSTEMPATH\CodeIgniter.php(493): CodeIgniter\CodeIgniter->createController()
 3 SYSTEMPATH\CodeIgniter.php(361): CodeIgniter\CodeIgniter->handleRequest(null, Object(Config\Cache), false)
 4 FCPATH\index.php(79): CodeIgniter\CodeIgniter->run()
 5 SYSTEMPATH\Commands\Server\rewrite.php(47): require_once('D:\\en mantenimiento\\webupn\\public\\index.php')
INFO - 2024-06-25 14:58:37 --> Session: Class initialized using 'CodeIgniter\Session\Handlers\FileHandler' driver.
WARNING - 2024-06-25 14:58:37 --> [DEPRECATED] Creation of dynamic property App\Controllers\FrontendController::$session is deprecated in APPPATH\Controllers\FrontendController.php on line 21.
 1 SYSTEMPATH\CodeIgniter.php(913): App\Controllers\FrontendController->__construct()
 2 SYSTEMPATH\CodeIgniter.php(493): CodeIgniter\CodeIgniter->createController()
 3 SYSTEMPATH\CodeIgniter.php(361): CodeIgniter\CodeIgniter->handleRequest(null, Object(Config\Cache), false)
 4 FCPATH\index.php(79): CodeIgniter\CodeIgniter->run()
 5 SYSTEMPATH\Commands\Server\rewrite.php(47): require_once('D:\\en mantenimiento\\webupn\\public\\index.php')
INFO - 2024-06-25 14:59:30 --> Session: Class initialized using 'CodeIgniter\Session\Handlers\FileHandler' driver.
WARNING - 2024-06-25 14:59:30 --> [DEPRECATED] Creation of dynamic property App\Controllers\FrontendController::$session is deprecated in APPPATH\Controllers\FrontendController.php on line 21.
 1 SYSTEMPATH\CodeIgniter.php(913): App\Controllers\FrontendController->__construct()
 2 SYSTEMPATH\CodeIgniter.php(493): CodeIgniter\CodeIgniter->createController()
 3 SYSTEMPATH\CodeIgniter.php(361): CodeIgniter\CodeIgniter->handleRequest(null, Object(Config\Cache), false)
 4 FCPATH\index.php(79): CodeIgniter\CodeIgniter->run()
 5 SYSTEMPATH\Commands\Server\rewrite.php(47): require_once('D:\\en mantenimiento\\webupn\\public\\index.php')
INFO - 2024-06-25 14:59:45 --> Session: Class initialized using 'CodeIgniter\Session\Handlers\FileHandler' driver.
WARNING - 2024-06-25 14:59:45 --> [DEPRECATED] Creation of dynamic property App\Controllers\FrontendController::$session is deprecated in APPPATH\Controllers\FrontendController.php on line 21.
 1 SYSTEMPATH\CodeIgniter.php(913): App\Controllers\FrontendController->__construct()
 2 SYSTEMPATH\CodeIgniter.php(493): CodeIgniter\CodeIgniter->createController()
 3 SYSTEMPATH\CodeIgniter.php(361): CodeIgniter\CodeIgniter->handleRequest(null, Object(Config\Cache), false)
 4 FCPATH\index.php(79): CodeIgniter\CodeIgniter->run()
 5 SYSTEMPATH\Commands\Server\rewrite.php(47): require_once('D:\\en mantenimiento\\webupn\\public\\index.php')
INFO - 2024-06-25 15:02:50 --> Session: Class initialized using 'CodeIgniter\Session\Handlers\FileHandler' driver.
WARNING - 2024-06-25 15:02:50 --> [DEPRECATED] Creation of dynamic property App\Controllers\FrontendController::$session is deprecated in APPPATH\Controllers\FrontendController.php on line 21.
 1 SYSTEMPATH\CodeIgniter.php(913): App\Controllers\FrontendController->__construct()
 2 SYSTEMPATH\CodeIgniter.php(493): CodeIgniter\CodeIgniter->createController()
 3 SYSTEMPATH\CodeIgniter.php(361): CodeIgniter\CodeIgniter->handleRequest(null, Object(Config\Cache), false)
 4 FCPATH\index.php(79): CodeIgniter\CodeIgniter->run()
 5 SYSTEMPATH\Commands\Server\rewrite.php(47): require_once('D:\\en mantenimiento\\webupn\\public\\index.php')
INFO - 2024-06-25 15:03:17 --> Session: Class initialized using 'CodeIgniter\Session\Handlers\FileHandler' driver.
WARNING - 2024-06-25 15:03:17 --> [DEPRECATED] Creation of dynamic property App\Controllers\FrontendController::$session is deprecated in APPPATH\Controllers\FrontendController.php on line 21.
 1 SYSTEMPATH\CodeIgniter.php(913): App\Controllers\FrontendController->__construct()
 2 SYSTEMPATH\CodeIgniter.php(493): CodeIgniter\CodeIgniter->createController()
 3 SYSTEMPATH\CodeIgniter.php(361): CodeIgniter\CodeIgniter->handleRequest(null, Object(Config\Cache), false)
 4 FCPATH\index.php(79): CodeIgniter\CodeIgniter->run()
 5 SYSTEMPATH\Commands\Server\rewrite.php(47): require_once('D:\\en mantenimiento\\webupn\\public\\index.php')
INFO - 2024-06-25 15:23:35 --> Session: Class initialized using 'CodeIgniter\Session\Handlers\FileHandler' driver.
WARNING - 2024-06-25 15:23:35 --> [DEPRECATED] Creation of dynamic property App\Controllers\FrontendController::$session is deprecated in APPPATH\Controllers\FrontendController.php on line 21.
 1 SYSTEMPATH\CodeIgniter.php(913): App\Controllers\FrontendController->__construct()
 2 SYSTEMPATH\CodeIgniter.php(493): CodeIgniter\CodeIgniter->createController()
 3 SYSTEMPATH\CodeIgniter.php(361): CodeIgniter\CodeIgniter->handleRequest(null, Object(Config\Cache), false)
 4 FCPATH\index.php(79): CodeIgniter\CodeIgniter->run()
 5 SYSTEMPATH\Commands\Server\rewrite.php(47): require_once('D:\\en mantenimiento\\webupn\\public\\index.php')
INFO - 2024-06-25 15:23:39 --> Session: Class initialized using 'CodeIgniter\Session\Handlers\FileHandler' driver.
WARNING - 2024-06-25 15:23:39 --> [DEPRECATED] Creation of dynamic property App\Controllers\FrontendController::$session is deprecated in APPPATH\Controllers\FrontendController.php on line 21.
 1 SYSTEMPATH\CodeIgniter.php(913): App\Controllers\FrontendController->__construct()
 2 SYSTEMPATH\CodeIgniter.php(493): CodeIgniter\CodeIgniter->createController()
 3 SYSTEMPATH\CodeIgniter.php(361): CodeIgniter\CodeIgniter->handleRequest(null, Object(Config\Cache), false)
 4 FCPATH\index.php(79): CodeIgniter\CodeIgniter->run()
 5 SYSTEMPATH\Commands\Server\rewrite.php(47): require_once('D:\\en mantenimiento\\webupn\\public\\index.php')
INFO - 2024-06-25 15:26:23 --> Session: Class initialized using 'CodeIgniter\Session\Handlers\FileHandler' driver.
WARNING - 2024-06-25 15:26:23 --> [DEPRECATED] Creation of dynamic property App\Controllers\FrontendController::$session is deprecated in APPPATH\Controllers\FrontendController.php on line 21.
 1 SYSTEMPATH\CodeIgniter.php(913): App\Controllers\FrontendController->__construct()
 2 SYSTEMPATH\CodeIgniter.php(493): CodeIgniter\CodeIgniter->createController()
 3 SYSTEMPATH\CodeIgniter.php(361): CodeIgniter\CodeIgniter->handleRequest(null, Object(Config\Cache), false)
 4 FCPATH\index.php(79): CodeIgniter\CodeIgniter->run()
 5 SYSTEMPATH\Commands\Server\rewrite.php(47): require_once('D:\\en mantenimiento\\webupn\\public\\index.php')
INFO - 2024-06-25 15:27:04 --> Session: Class initialized using 'CodeIgniter\Session\Handlers\FileHandler' driver.
WARNING - 2024-06-25 15:27:04 --> [DEPRECATED] Creation of dynamic property App\Controllers\FrontendController::$session is deprecated in APPPATH\Controllers\FrontendController.php on line 21.
 1 SYSTEMPATH\CodeIgniter.php(913): App\Controllers\FrontendController->__construct()
 2 SYSTEMPATH\CodeIgniter.php(493): CodeIgniter\CodeIgniter->createController()
 3 SYSTEMPATH\CodeIgniter.php(361): CodeIgniter\CodeIgniter->handleRequest(null, Object(Config\Cache), false)
 4 FCPATH\index.php(79): CodeIgniter\CodeIgniter->run()
 5 SYSTEMPATH\Commands\Server\rewrite.php(47): require_once('D:\\en mantenimiento\\webupn\\public\\index.php')
INFO - 2024-06-25 15:27:21 --> Session: Class initialized using 'CodeIgniter\Session\Handlers\FileHandler' driver.
WARNING - 2024-06-25 15:27:21 --> [DEPRECATED] Creation of dynamic property App\Controllers\FrontendController::$session is deprecated in APPPATH\Controllers\FrontendController.php on line 21.
 1 SYSTEMPATH\CodeIgniter.php(913): App\Controllers\FrontendController->__construct()
 2 SYSTEMPATH\CodeIgniter.php(493): CodeIgniter\CodeIgniter->createController()
 3 SYSTEMPATH\CodeIgniter.php(361): CodeIgniter\CodeIgniter->handleRequest(null, Object(Config\Cache), false)
 4 FCPATH\index.php(79): CodeIgniter\CodeIgniter->run()
 5 SYSTEMPATH\Commands\Server\rewrite.php(47): require_once('D:\\en mantenimiento\\webupn\\public\\index.php')
INFO - 2024-06-25 15:27:59 --> Session: Class initialized using 'CodeIgniter\Session\Handlers\FileHandler' driver.
WARNING - 2024-06-25 15:27:59 --> [DEPRECATED] Creation of dynamic property App\Controllers\FrontendController::$session is deprecated in APPPATH\Controllers\FrontendController.php on line 21.
 1 SYSTEMPATH\CodeIgniter.php(913): App\Controllers\FrontendController->__construct()
 2 SYSTEMPATH\CodeIgniter.php(493): CodeIgniter\CodeIgniter->createController()
 3 SYSTEMPATH\CodeIgniter.php(361): CodeIgniter\CodeIgniter->handleRequest(null, Object(Config\Cache), false)
 4 FCPATH\index.php(79): CodeIgniter\CodeIgniter->run()
 5 SYSTEMPATH\Commands\Server\rewrite.php(47): require_once('D:\\en mantenimiento\\webupn\\public\\index.php')
INFO - 2024-06-25 15:28:45 --> Session: Class initialized using 'CodeIgniter\Session\Handlers\FileHandler' driver.
WARNING - 2024-06-25 15:28:45 --> [DEPRECATED] Creation of dynamic property App\Controllers\FrontendController::$session is deprecated in APPPATH\Controllers\FrontendController.php on line 21.
 1 SYSTEMPATH\CodeIgniter.php(913): App\Controllers\FrontendController->__construct()
 2 SYSTEMPATH\CodeIgniter.php(493): CodeIgniter\CodeIgniter->createController()
 3 SYSTEMPATH\CodeIgniter.php(361): CodeIgniter\CodeIgniter->handleRequest(null, Object(Config\Cache), false)
 4 FCPATH\index.php(79): CodeIgniter\CodeIgniter->run()
 5 SYSTEMPATH\Commands\Server\rewrite.php(47): require_once('D:\\en mantenimiento\\webupn\\public\\index.php')
INFO - 2024-06-25 15:29:02 --> Session: Class initialized using 'CodeIgniter\Session\Handlers\FileHandler' driver.
WARNING - 2024-06-25 15:29:02 --> [DEPRECATED] Creation of dynamic property App\Controllers\FrontendController::$session is deprecated in APPPATH\Controllers\FrontendController.php on line 21.
 1 SYSTEMPATH\CodeIgniter.php(913): App\Controllers\FrontendController->__construct()
 2 SYSTEMPATH\CodeIgniter.php(493): CodeIgniter\CodeIgniter->createController()
 3 SYSTEMPATH\CodeIgniter.php(361): CodeIgniter\CodeIgniter->handleRequest(null, Object(Config\Cache), false)
 4 FCPATH\index.php(79): CodeIgniter\CodeIgniter->run()
 5 SYSTEMPATH\Commands\Server\rewrite.php(47): require_once('D:\\en mantenimiento\\webupn\\public\\index.php')
INFO - 2024-06-25 15:29:31 --> Session: Class initialized using 'CodeIgniter\Session\Handlers\FileHandler' driver.
WARNING - 2024-06-25 15:29:31 --> [DEPRECATED] Creation of dynamic property App\Controllers\FrontendController::$session is deprecated in APPPATH\Controllers\FrontendController.php on line 21.
 1 SYSTEMPATH\CodeIgniter.php(913): App\Controllers\FrontendController->__construct()
 2 SYSTEMPATH\CodeIgniter.php(493): CodeIgniter\CodeIgniter->createController()
 3 SYSTEMPATH\CodeIgniter.php(361): CodeIgniter\CodeIgniter->handleRequest(null, Object(Config\Cache), false)
 4 FCPATH\index.php(79): CodeIgniter\CodeIgniter->run()
 5 SYSTEMPATH\Commands\Server\rewrite.php(47): require_once('D:\\en mantenimiento\\webupn\\public\\index.php')
INFO - 2024-06-25 15:29:47 --> Session: Class initialized using 'CodeIgniter\Session\Handlers\FileHandler' driver.
WARNING - 2024-06-25 15:29:47 --> [DEPRECATED] Creation of dynamic property App\Controllers\FrontendController::$session is deprecated in APPPATH\Controllers\FrontendController.php on line 21.
 1 SYSTEMPATH\CodeIgniter.php(913): App\Controllers\FrontendController->__construct()
 2 SYSTEMPATH\CodeIgniter.php(493): CodeIgniter\CodeIgniter->createController()
 3 SYSTEMPATH\CodeIgniter.php(361): CodeIgniter\CodeIgniter->handleRequest(null, Object(Config\Cache), false)
 4 FCPATH\index.php(79): CodeIgniter\CodeIgniter->run()
 5 SYSTEMPATH\Commands\Server\rewrite.php(47): require_once('D:\\en mantenimiento\\webupn\\public\\index.php')
INFO - 2024-06-25 15:31:27 --> Session: Class initialized using 'CodeIgniter\Session\Handlers\FileHandler' driver.
WARNING - 2024-06-25 15:31:27 --> [DEPRECATED] Creation of dynamic property App\Controllers\FrontendController::$session is deprecated in APPPATH\Controllers\FrontendController.php on line 21.
 1 SYSTEMPATH\CodeIgniter.php(913): App\Controllers\FrontendController->__construct()
 2 SYSTEMPATH\CodeIgniter.php(493): CodeIgniter\CodeIgniter->createController()
 3 SYSTEMPATH\CodeIgniter.php(361): CodeIgniter\CodeIgniter->handleRequest(null, Object(Config\Cache), false)
 4 FCPATH\index.php(79): CodeIgniter\CodeIgniter->run()
 5 SYSTEMPATH\Commands\Server\rewrite.php(47): require_once('D:\\en mantenimiento\\webupn\\public\\index.php')
INFO - 2024-06-25 15:31:39 --> Session: Class initialized using 'CodeIgniter\Session\Handlers\FileHandler' driver.
WARNING - 2024-06-25 15:31:39 --> [DEPRECATED] Creation of dynamic property App\Controllers\FrontendController::$session is deprecated in APPPATH\Controllers\FrontendController.php on line 21.
 1 SYSTEMPATH\CodeIgniter.php(913): App\Controllers\FrontendController->__construct()
 2 SYSTEMPATH\CodeIgniter.php(493): CodeIgniter\CodeIgniter->createController()
 3 SYSTEMPATH\CodeIgniter.php(361): CodeIgniter\CodeIgniter->handleRequest(null, Object(Config\Cache), false)
 4 FCPATH\index.php(79): CodeIgniter\CodeIgniter->run()
 5 SYSTEMPATH\Commands\Server\rewrite.php(47): require_once('D:\\en mantenimiento\\webupn\\public\\index.php')
INFO - 2024-06-25 15:36:44 --> Session: Class initialized using 'CodeIgniter\Session\Handlers\FileHandler' driver.
WARNING - 2024-06-25 15:36:44 --> [DEPRECATED] Creation of dynamic property App\Controllers\FrontendController::$session is deprecated in APPPATH\Controllers\FrontendController.php on line 21.
 1 SYSTEMPATH\CodeIgniter.php(913): App\Controllers\FrontendController->__construct()
 2 SYSTEMPATH\CodeIgniter.php(493): CodeIgniter\CodeIgniter->createController()
 3 SYSTEMPATH\CodeIgniter.php(361): CodeIgniter\CodeIgniter->handleRequest(null, Object(Config\Cache), false)
 4 FCPATH\index.php(79): CodeIgniter\CodeIgniter->run()
 5 SYSTEMPATH\Commands\Server\rewrite.php(47): require_once('D:\\en mantenimiento\\webupn\\public\\index.php')
INFO - 2024-06-25 15:39:25 --> Session: Class initialized using 'CodeIgniter\Session\Handlers\FileHandler' driver.
WARNING - 2024-06-25 15:39:25 --> [DEPRECATED] Creation of dynamic property App\Controllers\FrontendController::$session is deprecated in APPPATH\Controllers\FrontendController.php on line 21.
 1 SYSTEMPATH\CodeIgniter.php(913): App\Controllers\FrontendController->__construct()
 2 SYSTEMPATH\CodeIgniter.php(493): CodeIgniter\CodeIgniter->createController()
 3 SYSTEMPATH\CodeIgniter.php(361): CodeIgniter\CodeIgniter->handleRequest(null, Object(Config\Cache), false)
 4 FCPATH\index.php(79): CodeIgniter\CodeIgniter->run()
 5 SYSTEMPATH\Commands\Server\rewrite.php(47): require_once('D:\\en mantenimiento\\webupn\\public\\index.php')
INFO - 2024-06-25 15:39:36 --> Session: Class initialized using 'CodeIgniter\Session\Handlers\FileHandler' driver.
WARNING - 2024-06-25 15:39:36 --> [DEPRECATED] Creation of dynamic property App\Controllers\FrontendController::$session is deprecated in APPPATH\Controllers\FrontendController.php on line 21.
 1 SYSTEMPATH\CodeIgniter.php(913): App\Controllers\FrontendController->__construct()
 2 SYSTEMPATH\CodeIgniter.php(493): CodeIgniter\CodeIgniter->createController()
 3 SYSTEMPATH\CodeIgniter.php(361): CodeIgniter\CodeIgniter->handleRequest(null, Object(Config\Cache), false)
 4 FCPATH\index.php(79): CodeIgniter\CodeIgniter->run()
 5 SYSTEMPATH\Commands\Server\rewrite.php(47): require_once('D:\\en mantenimiento\\webupn\\public\\index.php')
INFO - 2024-06-25 15:42:09 --> Session: Class initialized using 'CodeIgniter\Session\Handlers\FileHandler' driver.
WARNING - 2024-06-25 15:42:09 --> [DEPRECATED] Creation of dynamic property App\Controllers\FrontendController::$session is deprecated in APPPATH\Controllers\FrontendController.php on line 21.
 1 SYSTEMPATH\CodeIgniter.php(913): App\Controllers\FrontendController->__construct()
 2 SYSTEMPATH\CodeIgniter.php(493): CodeIgniter\CodeIgniter->createController()
 3 SYSTEMPATH\CodeIgniter.php(361): CodeIgniter\CodeIgniter->handleRequest(null, Object(Config\Cache), false)
 4 FCPATH\index.php(79): CodeIgniter\CodeIgniter->run()
 5 SYSTEMPATH\Commands\Server\rewrite.php(47): require_once('D:\\en mantenimiento\\webupn\\public\\index.php')
INFO - 2024-06-25 15:42:33 --> Session: Class initialized using 'CodeIgniter\Session\Handlers\FileHandler' driver.
WARNING - 2024-06-25 15:42:33 --> [DEPRECATED] Creation of dynamic property App\Controllers\FrontendController::$session is deprecated in APPPATH\Controllers\FrontendController.php on line 21.
 1 SYSTEMPATH\CodeIgniter.php(913): App\Controllers\FrontendController->__construct()
 2 SYSTEMPATH\CodeIgniter.php(493): CodeIgniter\CodeIgniter->createController()
 3 SYSTEMPATH\CodeIgniter.php(361): CodeIgniter\CodeIgniter->handleRequest(null, Object(Config\Cache), false)
 4 FCPATH\index.php(79): CodeIgniter\CodeIgniter->run()
 5 SYSTEMPATH\Commands\Server\rewrite.php(47): require_once('D:\\en mantenimiento\\webupn\\public\\index.php')
INFO - 2024-06-25 15:42:44 --> Session: Class initialized using 'CodeIgniter\Session\Handlers\FileHandler' driver.
WARNING - 2024-06-25 15:42:44 --> [DEPRECATED] Creation of dynamic property App\Controllers\FrontendController::$session is deprecated in APPPATH\Controllers\FrontendController.php on line 21.
 1 SYSTEMPATH\CodeIgniter.php(913): App\Controllers\FrontendController->__construct()
 2 SYSTEMPATH\CodeIgniter.php(493): CodeIgniter\CodeIgniter->createController()
 3 SYSTEMPATH\CodeIgniter.php(361): CodeIgniter\CodeIgniter->handleRequest(null, Object(Config\Cache), false)
 4 FCPATH\index.php(79): CodeIgniter\CodeIgniter->run()
 5 SYSTEMPATH\Commands\Server\rewrite.php(47): require_once('D:\\en mantenimiento\\webupn\\public\\index.php')
INFO - 2024-06-25 15:43:28 --> Session: Class initialized using 'CodeIgniter\Session\Handlers\FileHandler' driver.
WARNING - 2024-06-25 15:43:28 --> [DEPRECATED] Creation of dynamic property App\Controllers\FrontendController::$session is deprecated in APPPATH\Controllers\FrontendController.php on line 21.
 1 SYSTEMPATH\CodeIgniter.php(913): App\Controllers\FrontendController->__construct()
 2 SYSTEMPATH\CodeIgniter.php(493): CodeIgniter\CodeIgniter->createController()
 3 SYSTEMPATH\CodeIgniter.php(361): CodeIgniter\CodeIgniter->handleRequest(null, Object(Config\Cache), false)
 4 FCPATH\index.php(79): CodeIgniter\CodeIgniter->run()
 5 SYSTEMPATH\Commands\Server\rewrite.php(47): require_once('D:\\en mantenimiento\\webupn\\public\\index.php')
INFO - 2024-06-25 16:08:49 --> Session: Class initialized using 'CodeIgniter\Session\Handlers\FileHandler' driver.
WARNING - 2024-06-25 16:08:49 --> [DEPRECATED] Creation of dynamic property App\Controllers\FrontendController::$session is deprecated in APPPATH\Controllers\FrontendController.php on line 21.
 1 SYSTEMPATH\CodeIgniter.php(913): App\Controllers\FrontendController->__construct()
 2 SYSTEMPATH\CodeIgniter.php(493): CodeIgniter\CodeIgniter->createController()
 3 SYSTEMPATH\CodeIgniter.php(361): CodeIgniter\CodeIgniter->handleRequest(null, Object(Config\Cache), false)
 4 FCPATH\index.php(79): CodeIgniter\CodeIgniter->run()
 5 SYSTEMPATH\Commands\Server\rewrite.php(47): require_once('D:\\en mantenimiento\\webupn\\public\\index.php')
INFO - 2024-06-25 17:06:25 --> Session: Class initialized using 'CodeIgniter\Session\Handlers\FileHandler' driver.
WARNING - 2024-06-25 17:06:25 --> [DEPRECATED] Creation of dynamic property App\Controllers\FrontendController::$session is deprecated in APPPATH\Controllers\FrontendController.php on line 21.
 1 SYSTEMPATH\CodeIgniter.php(913): App\Controllers\FrontendController->__construct()
 2 SYSTEMPATH\CodeIgniter.php(493): CodeIgniter\CodeIgniter->createController()
 3 SYSTEMPATH\CodeIgniter.php(361): CodeIgniter\CodeIgniter->handleRequest(null, Object(Config\Cache), false)
 4 FCPATH\index.php(79): CodeIgniter\CodeIgniter->run()
 5 SYSTEMPATH\Commands\Server\rewrite.php(47): require_once('D:\\en mantenimiento\\webupn\\public\\index.php')
INFO - 2024-06-25 17:06:56 --> Session: Class initialized using 'CodeIgniter\Session\Handlers\FileHandler' driver.
WARNING - 2024-06-25 17:06:56 --> [DEPRECATED] Creation of dynamic property App\Controllers\FrontendController::$session is deprecated in APPPATH\Controllers\FrontendController.php on line 21.
 1 SYSTEMPATH\CodeIgniter.php(913): App\Controllers\FrontendController->__construct()
 2 SYSTEMPATH\CodeIgniter.php(493): CodeIgniter\CodeIgniter->createController()
 3 SYSTEMPATH\CodeIgniter.php(361): CodeIgniter\CodeIgniter->handleRequest(null, Object(Config\Cache), false)
 4 FCPATH\index.php(79): CodeIgniter\CodeIgniter->run()
 5 SYSTEMPATH\Commands\Server\rewrite.php(47): require_once('D:\\en mantenimiento\\webupn\\public\\index.php')
INFO - 2024-06-25 17:07:07 --> Session: Class initialized using 'CodeIgniter\Session\Handlers\FileHandler' driver.
WARNING - 2024-06-25 17:07:07 --> [DEPRECATED] Creation of dynamic property App\Controllers\FrontendController::$session is deprecated in APPPATH\Controllers\FrontendController.php on line 21.
 1 SYSTEMPATH\CodeIgniter.php(913): App\Controllers\FrontendController->__construct()
 2 SYSTEMPATH\CodeIgniter.php(493): CodeIgniter\CodeIgniter->createController()
 3 SYSTEMPATH\CodeIgniter.php(361): CodeIgniter\CodeIgniter->handleRequest(null, Object(Config\Cache), false)
 4 FCPATH\index.php(79): CodeIgniter\CodeIgniter->run()
 5 SYSTEMPATH\Commands\Server\rewrite.php(47): require_once('D:\\en mantenimiento\\webupn\\public\\index.php')
INFO - 2024-06-25 17:07:25 --> Session: Class initialized using 'CodeIgniter\Session\Handlers\FileHandler' driver.
WARNING - 2024-06-25 17:07:25 --> [DEPRECATED] Creation of dynamic property App\Controllers\FrontendController::$session is deprecated in APPPATH\Controllers\FrontendController.php on line 21.
 1 SYSTEMPATH\CodeIgniter.php(913): App\Controllers\FrontendController->__construct()
 2 SYSTEMPATH\CodeIgniter.php(493): CodeIgniter\CodeIgniter->createController()
 3 SYSTEMPATH\CodeIgniter.php(361): CodeIgniter\CodeIgniter->handleRequest(null, Object(Config\Cache), false)
 4 FCPATH\index.php(79): CodeIgniter\CodeIgniter->run()
 5 SYSTEMPATH\Commands\Server\rewrite.php(47): require_once('D:\\en mantenimiento\\webupn\\public\\index.php')
INFO - 2024-06-25 17:07:33 --> Session: Class initialized using 'CodeIgniter\Session\Handlers\FileHandler' driver.
WARNING - 2024-06-25 17:07:33 --> [DEPRECATED] Creation of dynamic property App\Controllers\FrontendController::$session is deprecated in APPPATH\Controllers\FrontendController.php on line 21.
 1 SYSTEMPATH\CodeIgniter.php(913): App\Controllers\FrontendController->__construct()
 2 SYSTEMPATH\CodeIgniter.php(493): CodeIgniter\CodeIgniter->createController()
 3 SYSTEMPATH\CodeIgniter.php(361): CodeIgniter\CodeIgniter->handleRequest(null, Object(Config\Cache), false)
 4 FCPATH\index.php(79): CodeIgniter\CodeIgniter->run()
 5 SYSTEMPATH\Commands\Server\rewrite.php(47): require_once('D:\\en mantenimiento\\webupn\\public\\index.php')
INFO - 2024-06-25 17:07:46 --> Session: Class initialized using 'CodeIgniter\Session\Handlers\FileHandler' driver.
WARNING - 2024-06-25 17:07:46 --> [DEPRECATED] Creation of dynamic property App\Controllers\FrontendController::$session is deprecated in APPPATH\Controllers\FrontendController.php on line 21.
 1 SYSTEMPATH\CodeIgniter.php(913): App\Controllers\FrontendController->__construct()
 2 SYSTEMPATH\CodeIgniter.php(493): CodeIgniter\CodeIgniter->createController()
 3 SYSTEMPATH\CodeIgniter.php(361): CodeIgniter\CodeIgniter->handleRequest(null, Object(Config\Cache), false)
 4 FCPATH\index.php(79): CodeIgniter\CodeIgniter->run()
 5 SYSTEMPATH\Commands\Server\rewrite.php(47): require_once('D:\\en mantenimiento\\webupn\\public\\index.php')
INFO - 2024-06-25 17:09:59 --> Session: Class initialized using 'CodeIgniter\Session\Handlers\FileHandler' driver.
WARNING - 2024-06-25 17:09:59 --> [DEPRECATED] Creation of dynamic property App\Controllers\FrontendController::$session is deprecated in APPPATH\Controllers\FrontendController.php on line 21.
 1 SYSTEMPATH\CodeIgniter.php(913): App\Controllers\FrontendController->__construct()
 2 SYSTEMPATH\CodeIgniter.php(493): CodeIgniter\CodeIgniter->createController()
 3 SYSTEMPATH\CodeIgniter.php(361): CodeIgniter\CodeIgniter->handleRequest(null, Object(Config\Cache), false)
 4 FCPATH\index.php(79): CodeIgniter\CodeIgniter->run()
 5 SYSTEMPATH\Commands\Server\rewrite.php(47): require_once('D:\\en mantenimiento\\webupn\\public\\index.php')
INFO - 2024-06-25 17:10:04 --> Session: Class initialized using 'CodeIgniter\Session\Handlers\FileHandler' driver.
WARNING - 2024-06-25 17:10:04 --> [DEPRECATED] Creation of dynamic property App\Controllers\FrontendController::$session is deprecated in APPPATH\Controllers\FrontendController.php on line 21.
 1 SYSTEMPATH\CodeIgniter.php(913): App\Controllers\FrontendController->__construct()
 2 SYSTEMPATH\CodeIgniter.php(493): CodeIgniter\CodeIgniter->createController()
 3 SYSTEMPATH\CodeIgniter.php(361): CodeIgniter\CodeIgniter->handleRequest(null, Object(Config\Cache), false)
 4 FCPATH\index.php(79): CodeIgniter\CodeIgniter->run()
 5 SYSTEMPATH\Commands\Server\rewrite.php(47): require_once('D:\\en mantenimiento\\webupn\\public\\index.php')
INFO - 2024-06-25 17:10:21 --> Session: Class initialized using 'CodeIgniter\Session\Handlers\FileHandler' driver.
WARNING - 2024-06-25 17:10:21 --> [DEPRECATED] Creation of dynamic property App\Controllers\FrontendController::$session is deprecated in APPPATH\Controllers\FrontendController.php on line 21.
 1 SYSTEMPATH\CodeIgniter.php(913): App\Controllers\FrontendController->__construct()
 2 SYSTEMPATH\CodeIgniter.php(493): CodeIgniter\CodeIgniter->createController()
 3 SYSTEMPATH\CodeIgniter.php(361): CodeIgniter\CodeIgniter->handleRequest(null, Object(Config\Cache), false)
 4 FCPATH\index.php(79): CodeIgniter\CodeIgniter->run()
 5 SYSTEMPATH\Commands\Server\rewrite.php(47): require_once('D:\\en mantenimiento\\webupn\\public\\index.php')
INFO - 2024-06-25 17:36:19 --> Session: Class initialized using 'CodeIgniter\Session\Handlers\FileHandler' driver.
WARNING - 2024-06-25 17:36:19 --> [DEPRECATED] Creation of dynamic property App\Controllers\FrontendController::$session is deprecated in APPPATH\Controllers\FrontendController.php on line 21.
 1 SYSTEMPATH\CodeIgniter.php(913): App\Controllers\FrontendController->__construct()
 2 SYSTEMPATH\CodeIgniter.php(493): CodeIgniter\CodeIgniter->createController()
 3 SYSTEMPATH\CodeIgniter.php(361): CodeIgniter\CodeIgniter->handleRequest(null, Object(Config\Cache), false)
 4 FCPATH\index.php(79): CodeIgniter\CodeIgniter->run()
 5 SYSTEMPATH\Commands\Server\rewrite.php(47): require_once('D:\\en mantenimiento\\webupn\\public\\index.php')
INFO - 2024-06-25 18:01:47 --> Session: Class initialized using 'CodeIgniter\Session\Handlers\FileHandler' driver.
WARNING - 2024-06-25 18:01:47 --> [DEPRECATED] Creation of dynamic property App\Controllers\FrontendController::$session is deprecated in APPPATH\Controllers\FrontendController.php on line 21.
 1 SYSTEMPATH\CodeIgniter.php(913): App\Controllers\FrontendController->__construct()
 2 SYSTEMPATH\CodeIgniter.php(493): CodeIgniter\CodeIgniter->createController()
 3 SYSTEMPATH\CodeIgniter.php(361): CodeIgniter\CodeIgniter->handleRequest(null, Object(Config\Cache), false)
 4 FCPATH\index.php(79): CodeIgniter\CodeIgniter->run()
 5 SYSTEMPATH\Commands\Server\rewrite.php(47): require_once('D:\\en mantenimiento\\webupn\\public\\index.php')
INFO - 2024-06-25 18:04:03 --> Session: Class initialized using 'CodeIgniter\Session\Handlers\FileHandler' driver.
WARNING - 2024-06-25 18:04:03 --> [DEPRECATED] Creation of dynamic property App\Controllers\FrontendController::$session is deprecated in APPPATH\Controllers\FrontendController.php on line 21.
 1 SYSTEMPATH\CodeIgniter.php(913): App\Controllers\FrontendController->__construct()
 2 SYSTEMPATH\CodeIgniter.php(493): CodeIgniter\CodeIgniter->createController()
 3 SYSTEMPATH\CodeIgniter.php(361): CodeIgniter\CodeIgniter->handleRequest(null, Object(Config\Cache), false)
 4 FCPATH\index.php(79): CodeIgniter\CodeIgniter->run()
 5 SYSTEMPATH\Commands\Server\rewrite.php(47): require_once('D:\\en mantenimiento\\webupn\\public\\index.php')
INFO - 2024-06-25 18:04:42 --> Session: Class initialized using 'CodeIgniter\Session\Handlers\FileHandler' driver.
WARNING - 2024-06-25 18:04:42 --> [DEPRECATED] Creation of dynamic property App\Controllers\FrontendController::$session is deprecated in APPPATH\Controllers\FrontendController.php on line 21.
 1 SYSTEMPATH\CodeIgniter.php(913): App\Controllers\FrontendController->__construct()
 2 SYSTEMPATH\CodeIgniter.php(493): CodeIgniter\CodeIgniter->createController()
 3 SYSTEMPATH\CodeIgniter.php(361): CodeIgniter\CodeIgniter->handleRequest(null, Object(Config\Cache), false)
 4 FCPATH\index.php(79): CodeIgniter\CodeIgniter->run()
 5 SYSTEMPATH\Commands\Server\rewrite.php(47): require_once('D:\\en mantenimiento\\webupn\\public\\index.php')
INFO - 2024-06-25 18:05:13 --> Session: Class initialized using 'CodeIgniter\Session\Handlers\FileHandler' driver.
WARNING - 2024-06-25 18:05:13 --> [DEPRECATED] Creation of dynamic property App\Controllers\FrontendController::$session is deprecated in APPPATH\Controllers\FrontendController.php on line 21.
 1 SYSTEMPATH\CodeIgniter.php(913): App\Controllers\FrontendController->__construct()
 2 SYSTEMPATH\CodeIgniter.php(493): CodeIgniter\CodeIgniter->createController()
 3 SYSTEMPATH\CodeIgniter.php(361): CodeIgniter\CodeIgniter->handleRequest(null, Object(Config\Cache), false)
 4 FCPATH\index.php(79): CodeIgniter\CodeIgniter->run()
 5 SYSTEMPATH\Commands\Server\rewrite.php(47): require_once('D:\\en mantenimiento\\webupn\\public\\index.php')
INFO - 2024-06-25 18:05:20 --> Session: Class initialized using 'CodeIgniter\Session\Handlers\FileHandler' driver.
WARNING - 2024-06-25 18:05:20 --> [DEPRECATED] Creation of dynamic property App\Controllers\FrontendController::$session is deprecated in APPPATH\Controllers\FrontendController.php on line 21.
 1 SYSTEMPATH\CodeIgniter.php(913): App\Controllers\FrontendController->__construct()
 2 SYSTEMPATH\CodeIgniter.php(493): CodeIgniter\CodeIgniter->createController()
 3 SYSTEMPATH\CodeIgniter.php(361): CodeIgniter\CodeIgniter->handleRequest(null, Object(Config\Cache), false)
 4 FCPATH\index.php(79): CodeIgniter\CodeIgniter->run()
 5 SYSTEMPATH\Commands\Server\rewrite.php(47): require_once('D:\\en mantenimiento\\webupn\\public\\index.php')
INFO - 2024-06-25 18:06:18 --> Session: Class initialized using 'CodeIgniter\Session\Handlers\FileHandler' driver.
WARNING - 2024-06-25 18:06:18 --> [DEPRECATED] Creation of dynamic property App\Controllers\FrontendController::$session is deprecated in APPPATH\Controllers\FrontendController.php on line 21.
 1 SYSTEMPATH\CodeIgniter.php(913): App\Controllers\FrontendController->__construct()
 2 SYSTEMPATH\CodeIgniter.php(493): CodeIgniter\CodeIgniter->createController()
 3 SYSTEMPATH\CodeIgniter.php(361): CodeIgniter\CodeIgniter->handleRequest(null, Object(Config\Cache), false)
 4 FCPATH\index.php(79): CodeIgniter\CodeIgniter->run()
 5 SYSTEMPATH\Commands\Server\rewrite.php(47): require_once('D:\\en mantenimiento\\webupn\\public\\index.php')
INFO - 2024-06-25 18:06:22 --> Session: Class initialized using 'CodeIgniter\Session\Handlers\FileHandler' driver.
WARNING - 2024-06-25 18:06:22 --> [DEPRECATED] Creation of dynamic property App\Controllers\FrontendController::$session is deprecated in APPPATH\Controllers\FrontendController.php on line 21.
 1 SYSTEMPATH\CodeIgniter.php(913): App\Controllers\FrontendController->__construct()
 2 SYSTEMPATH\CodeIgniter.php(493): CodeIgniter\CodeIgniter->createController()
 3 SYSTEMPATH\CodeIgniter.php(361): CodeIgniter\CodeIgniter->handleRequest(null, Object(Config\Cache), false)
 4 FCPATH\index.php(79): CodeIgniter\CodeIgniter->run()
 5 SYSTEMPATH\Commands\Server\rewrite.php(47): require_once('D:\\en mantenimiento\\webupn\\public\\index.php')
INFO - 2024-06-25 18:06:36 --> Session: Class initialized using 'CodeIgniter\Session\Handlers\FileHandler' driver.
WARNING - 2024-06-25 18:06:36 --> [DEPRECATED] Creation of dynamic property App\Controllers\FrontendController::$session is deprecated in APPPATH\Controllers\FrontendController.php on line 21.
 1 SYSTEMPATH\CodeIgniter.php(913): App\Controllers\FrontendController->__construct()
 2 SYSTEMPATH\CodeIgniter.php(493): CodeIgniter\CodeIgniter->createController()
 3 SYSTEMPATH\CodeIgniter.php(361): CodeIgniter\CodeIgniter->handleRequest(null, Object(Config\Cache), false)
 4 FCPATH\index.php(79): CodeIgniter\CodeIgniter->run()
 5 SYSTEMPATH\Commands\Server\rewrite.php(47): require_once('D:\\en mantenimiento\\webupn\\public\\index.php')
INFO - 2024-06-25 18:06:46 --> Session: Class initialized using 'CodeIgniter\Session\Handlers\FileHandler' driver.
WARNING - 2024-06-25 18:06:46 --> [DEPRECATED] Creation of dynamic property App\Controllers\FrontendController::$session is deprecated in APPPATH\Controllers\FrontendController.php on line 21.
 1 SYSTEMPATH\CodeIgniter.php(913): App\Controllers\FrontendController->__construct()
 2 SYSTEMPATH\CodeIgniter.php(493): CodeIgniter\CodeIgniter->createController()
 3 SYSTEMPATH\CodeIgniter.php(361): CodeIgniter\CodeIgniter->handleRequest(null, Object(Config\Cache), false)
 4 FCPATH\index.php(79): CodeIgniter\CodeIgniter->run()
 5 SYSTEMPATH\Commands\Server\rewrite.php(47): require_once('D:\\en mantenimiento\\webupn\\public\\index.php')
INFO - 2024-06-25 18:06:57 --> Session: Class initialized using 'CodeIgniter\Session\Handlers\FileHandler' driver.
WARNING - 2024-06-25 18:06:57 --> [DEPRECATED] Creation of dynamic property App\Controllers\FrontendController::$session is deprecated in APPPATH\Controllers\FrontendController.php on line 21.
 1 SYSTEMPATH\CodeIgniter.php(913): App\Controllers\FrontendController->__construct()
 2 SYSTEMPATH\CodeIgniter.php(493): CodeIgniter\CodeIgniter->createController()
 3 SYSTEMPATH\CodeIgniter.php(361): CodeIgniter\CodeIgniter->handleRequest(null, Object(Config\Cache), false)
 4 FCPATH\index.php(79): CodeIgniter\CodeIgniter->run()
 5 SYSTEMPATH\Commands\Server\rewrite.php(47): require_once('D:\\en mantenimiento\\webupn\\public\\index.php')
INFO - 2024-06-25 18:07:04 --> Session: Class initialized using 'CodeIgniter\Session\Handlers\FileHandler' driver.
WARNING - 2024-06-25 18:07:04 --> [DEPRECATED] Creation of dynamic property App\Controllers\FrontendController::$session is deprecated in APPPATH\Controllers\FrontendController.php on line 21.
 1 SYSTEMPATH\CodeIgniter.php(913): App\Controllers\FrontendController->__construct()
 2 SYSTEMPATH\CodeIgniter.php(493): CodeIgniter\CodeIgniter->createController()
 3 SYSTEMPATH\CodeIgniter.php(361): CodeIgniter\CodeIgniter->handleRequest(null, Object(Config\Cache), false)
 4 FCPATH\index.php(79): CodeIgniter\CodeIgniter->run()
 5 SYSTEMPATH\Commands\Server\rewrite.php(47): require_once('D:\\en mantenimiento\\webupn\\public\\index.php')
INFO - 2024-06-25 18:07:13 --> Session: Class initialized using 'CodeIgniter\Session\Handlers\FileHandler' driver.
WARNING - 2024-06-25 18:07:13 --> [DEPRECATED] Creation of dynamic property App\Controllers\FrontendController::$session is deprecated in APPPATH\Controllers\FrontendController.php on line 21.
 1 SYSTEMPATH\CodeIgniter.php(913): App\Controllers\FrontendController->__construct()
 2 SYSTEMPATH\CodeIgniter.php(493): CodeIgniter\CodeIgniter->createController()
 3 SYSTEMPATH\CodeIgniter.php(361): CodeIgniter\CodeIgniter->handleRequest(null, Object(Config\Cache), false)
 4 FCPATH\index.php(79): CodeIgniter\CodeIgniter->run()
 5 SYSTEMPATH\Commands\Server\rewrite.php(47): require_once('D:\\en mantenimiento\\webupn\\public\\index.php')
INFO - 2024-06-25 18:07:23 --> Session: Class initialized using 'CodeIgniter\Session\Handlers\FileHandler' driver.
WARNING - 2024-06-25 18:07:23 --> [DEPRECATED] Creation of dynamic property App\Controllers\FrontendController::$session is deprecated in APPPATH\Controllers\FrontendController.php on line 21.
 1 SYSTEMPATH\CodeIgniter.php(913): App\Controllers\FrontendController->__construct()
 2 SYSTEMPATH\CodeIgniter.php(493): CodeIgniter\CodeIgniter->createController()
 3 SYSTEMPATH\CodeIgniter.php(361): CodeIgniter\CodeIgniter->handleRequest(null, Object(Config\Cache), false)
 4 FCPATH\index.php(79): CodeIgniter\CodeIgniter->run()
 5 SYSTEMPATH\Commands\Server\rewrite.php(47): require_once('D:\\en mantenimiento\\webupn\\public\\index.php')
INFO - 2024-06-25 18:07:47 --> Session: Class initialized using 'CodeIgniter\Session\Handlers\FileHandler' driver.
WARNING - 2024-06-25 18:07:47 --> [DEPRECATED] Creation of dynamic property App\Controllers\FrontendController::$session is deprecated in APPPATH\Controllers\FrontendController.php on line 21.
 1 SYSTEMPATH\CodeIgniter.php(913): App\Controllers\FrontendController->__construct()
 2 SYSTEMPATH\CodeIgniter.php(493): CodeIgniter\CodeIgniter->createController()
 3 SYSTEMPATH\CodeIgniter.php(361): CodeIgniter\CodeIgniter->handleRequest(null, Object(Config\Cache), false)
 4 FCPATH\index.php(79): CodeIgniter\CodeIgniter->run()
 5 SYSTEMPATH\Commands\Server\rewrite.php(47): require_once('D:\\en mantenimiento\\webupn\\public\\index.php')
INFO - 2024-06-25 18:08:00 --> Session: Class initialized using 'CodeIgniter\Session\Handlers\FileHandler' driver.
WARNING - 2024-06-25 18:08:00 --> [DEPRECATED] Creation of dynamic property App\Controllers\FrontendController::$session is deprecated in APPPATH\Controllers\FrontendController.php on line 21.
 1 SYSTEMPATH\CodeIgniter.php(913): App\Controllers\FrontendController->__construct()
 2 SYSTEMPATH\CodeIgniter.php(493): CodeIgniter\CodeIgniter->createController()
 3 SYSTEMPATH\CodeIgniter.php(361): CodeIgniter\CodeIgniter->handleRequest(null, Object(Config\Cache), false)
 4 FCPATH\index.php(79): CodeIgniter\CodeIgniter->run()
 5 SYSTEMPATH\Commands\Server\rewrite.php(47): require_once('D:\\en mantenimiento\\webupn\\public\\index.php')
INFO - 2024-06-25 18:09:40 --> Session: Class initialized using 'CodeIgniter\Session\Handlers\FileHandler' driver.
WARNING - 2024-06-25 18:09:40 --> [DEPRECATED] Creation of dynamic property App\Controllers\FrontendController::$session is deprecated in APPPATH\Controllers\FrontendController.php on line 21.
 1 SYSTEMPATH\CodeIgniter.php(913): App\Controllers\FrontendController->__construct()
 2 SYSTEMPATH\CodeIgniter.php(493): CodeIgniter\CodeIgniter->createController()
 3 SYSTEMPATH\CodeIgniter.php(361): CodeIgniter\CodeIgniter->handleRequest(null, Object(Config\Cache), false)
 4 FCPATH\index.php(79): CodeIgniter\CodeIgniter->run()
 5 SYSTEMPATH\Commands\Server\rewrite.php(47): require_once('D:\\en mantenimiento\\webupn\\public\\index.php')
INFO - 2024-06-25 18:09:52 --> Session: Class initialized using 'CodeIgniter\Session\Handlers\FileHandler' driver.
WARNING - 2024-06-25 18:09:52 --> [DEPRECATED] Creation of dynamic property App\Controllers\FrontendController::$session is deprecated in APPPATH\Controllers\FrontendController.php on line 21.
 1 SYSTEMPATH\CodeIgniter.php(913): App\Controllers\FrontendController->__construct()
 2 SYSTEMPATH\CodeIgniter.php(493): CodeIgniter\CodeIgniter->createController()
 3 SYSTEMPATH\CodeIgniter.php(361): CodeIgniter\CodeIgniter->handleRequest(null, Object(Config\Cache), false)
 4 FCPATH\index.php(79): CodeIgniter\CodeIgniter->run()
 5 SYSTEMPATH\Commands\Server\rewrite.php(47): require_once('D:\\en mantenimiento\\webupn\\public\\index.php')
INFO - 2024-06-25 18:10:05 --> Session: Class initialized using 'CodeIgniter\Session\Handlers\FileHandler' driver.
WARNING - 2024-06-25 18:10:05 --> [DEPRECATED] Creation of dynamic property App\Controllers\FrontendController::$session is deprecated in APPPATH\Controllers\FrontendController.php on line 21.
 1 SYSTEMPATH\CodeIgniter.php(913): App\Controllers\FrontendController->__construct()
 2 SYSTEMPATH\CodeIgniter.php(493): CodeIgniter\CodeIgniter->createController()
 3 SYSTEMPATH\CodeIgniter.php(361): CodeIgniter\CodeIgniter->handleRequest(null, Object(Config\Cache), false)
 4 FCPATH\index.php(79): CodeIgniter\CodeIgniter->run()
 5 SYSTEMPATH\Commands\Server\rewrite.php(47): require_once('D:\\en mantenimiento\\webupn\\public\\index.php')
INFO - 2024-06-25 18:11:17 --> Session: Class initialized using 'CodeIgniter\Session\Handlers\FileHandler' driver.
WARNING - 2024-06-25 18:11:17 --> [DEPRECATED] Creation of dynamic property App\Controllers\FrontendController::$session is deprecated in APPPATH\Controllers\FrontendController.php on line 21.
 1 SYSTEMPATH\CodeIgniter.php(913): App\Controllers\FrontendController->__construct()
 2 SYSTEMPATH\CodeIgniter.php(493): CodeIgniter\CodeIgniter->createController()
 3 SYSTEMPATH\CodeIgniter.php(361): CodeIgniter\CodeIgniter->handleRequest(null, Object(Config\Cache), false)
 4 FCPATH\index.php(79): CodeIgniter\CodeIgniter->run()
 5 SYSTEMPATH\Commands\Server\rewrite.php(47): require_once('D:\\en mantenimiento\\webupn\\public\\index.php')
INFO - 2024-06-25 18:11:31 --> Session: Class initialized using 'CodeIgniter\Session\Handlers\FileHandler' driver.
WARNING - 2024-06-25 18:11:31 --> [DEPRECATED] Creation of dynamic property App\Controllers\FrontendController::$session is deprecated in APPPATH\Controllers\FrontendController.php on line 21.
 1 SYSTEMPATH\CodeIgniter.php(913): App\Controllers\FrontendController->__construct()
 2 SYSTEMPATH\CodeIgniter.php(493): CodeIgniter\CodeIgniter->createController()
 3 SYSTEMPATH\CodeIgniter.php(361): CodeIgniter\CodeIgniter->handleRequest(null, Object(Config\Cache), false)
 4 FCPATH\index.php(79): CodeIgniter\CodeIgniter->run()
 5 SYSTEMPATH\Commands\Server\rewrite.php(47): require_once('D:\\en mantenimiento\\webupn\\public\\index.php')
INFO - 2024-06-25 18:11:49 --> Session: Class initialized using 'CodeIgniter\Session\Handlers\FileHandler' driver.
WARNING - 2024-06-25 18:11:49 --> [DEPRECATED] Creation of dynamic property App\Controllers\FrontendController::$session is deprecated in APPPATH\Controllers\FrontendController.php on line 21.
 1 SYSTEMPATH\CodeIgniter.php(913): App\Controllers\FrontendController->__construct()
 2 SYSTEMPATH\CodeIgniter.php(493): CodeIgniter\CodeIgniter->createController()
 3 SYSTEMPATH\CodeIgniter.php(361): CodeIgniter\CodeIgniter->handleRequest(null, Object(Config\Cache), false)
 4 FCPATH\index.php(79): CodeIgniter\CodeIgniter->run()
 5 SYSTEMPATH\Commands\Server\rewrite.php(47): require_once('D:\\en mantenimiento\\webupn\\public\\index.php')
INFO - 2024-06-25 18:12:08 --> Session: Class initialized using 'CodeIgniter\Session\Handlers\FileHandler' driver.
WARNING - 2024-06-25 18:12:08 --> [DEPRECATED] Creation of dynamic property App\Controllers\FrontendController::$session is deprecated in APPPATH\Controllers\FrontendController.php on line 21.
 1 SYSTEMPATH\CodeIgniter.php(913): App\Controllers\FrontendController->__construct()
 2 SYSTEMPATH\CodeIgniter.php(493): CodeIgniter\CodeIgniter->createController()
 3 SYSTEMPATH\CodeIgniter.php(361): CodeIgniter\CodeIgniter->handleRequest(null, Object(Config\Cache), false)
 4 FCPATH\index.php(79): CodeIgniter\CodeIgniter->run()
 5 SYSTEMPATH\Commands\Server\rewrite.php(47): require_once('D:\\en mantenimiento\\webupn\\public\\index.php')
INFO - 2024-06-25 18:12:20 --> Session: Class initialized using 'CodeIgniter\Session\Handlers\FileHandler' driver.
WARNING - 2024-06-25 18:12:20 --> [DEPRECATED] Creation of dynamic property App\Controllers\FrontendController::$session is deprecated in APPPATH\Controllers\FrontendController.php on line 21.
 1 SYSTEMPATH\CodeIgniter.php(913): App\Controllers\FrontendController->__construct()
 2 SYSTEMPATH\CodeIgniter.php(493): CodeIgniter\CodeIgniter->createController()
 3 SYSTEMPATH\CodeIgniter.php(361): CodeIgniter\CodeIgniter->handleRequest(null, Object(Config\Cache), false)
 4 FCPATH\index.php(79): CodeIgniter\CodeIgniter->run()
 5 SYSTEMPATH\Commands\Server\rewrite.php(47): require_once('D:\\en mantenimiento\\webupn\\public\\index.php')
INFO - 2024-06-25 18:12:42 --> Session: Class initialized using 'CodeIgniter\Session\Handlers\FileHandler' driver.
WARNING - 2024-06-25 18:12:42 --> [DEPRECATED] Creation of dynamic property App\Controllers\FrontendController::$session is deprecated in APPPATH\Controllers\FrontendController.php on line 21.
 1 SYSTEMPATH\CodeIgniter.php(913): App\Controllers\FrontendController->__construct()
 2 SYSTEMPATH\CodeIgniter.php(493): CodeIgniter\CodeIgniter->createController()
 3 SYSTEMPATH\CodeIgniter.php(361): CodeIgniter\CodeIgniter->handleRequest(null, Object(Config\Cache), false)
 4 FCPATH\index.php(79): CodeIgniter\CodeIgniter->run()
 5 SYSTEMPATH\Commands\Server\rewrite.php(47): require_once('D:\\en mantenimiento\\webupn\\public\\index.php')
INFO - 2024-06-25 18:13:13 --> Session: Class initialized using 'CodeIgniter\Session\Handlers\FileHandler' driver.
WARNING - 2024-06-25 18:13:13 --> [DEPRECATED] Creation of dynamic property App\Controllers\FrontendController::$session is deprecated in APPPATH\Controllers\FrontendController.php on line 21.
 1 SYSTEMPATH\CodeIgniter.php(913): App\Controllers\FrontendController->__construct()
 2 SYSTEMPATH\CodeIgniter.php(493): CodeIgniter\CodeIgniter->createController()
 3 SYSTEMPATH\CodeIgniter.php(361): CodeIgniter\CodeIgniter->handleRequest(null, Object(Config\Cache), false)
 4 FCPATH\index.php(79): CodeIgniter\CodeIgniter->run()
 5 SYSTEMPATH\Commands\Server\rewrite.php(47): require_once('D:\\en mantenimiento\\webupn\\public\\index.php')
INFO - 2024-06-25 18:13:37 --> Session: Class initialized using 'CodeIgniter\Session\Handlers\FileHandler' driver.
WARNING - 2024-06-25 18:13:37 --> [DEPRECATED] Creation of dynamic property App\Controllers\FrontendController::$session is deprecated in APPPATH\Controllers\FrontendController.php on line 21.
 1 SYSTEMPATH\CodeIgniter.php(913): App\Controllers\FrontendController->__construct()
 2 SYSTEMPATH\CodeIgniter.php(493): CodeIgniter\CodeIgniter->createController()
 3 SYSTEMPATH\CodeIgniter.php(361): CodeIgniter\CodeIgniter->handleRequest(null, Object(Config\Cache), false)
 4 FCPATH\index.php(79): CodeIgniter\CodeIgniter->run()
 5 SYSTEMPATH\Commands\Server\rewrite.php(47): require_once('D:\\en mantenimiento\\webupn\\public\\index.php')
INFO - 2024-06-25 18:13:45 --> Session: Class initialized using 'CodeIgniter\Session\Handlers\FileHandler' driver.
WARNING - 2024-06-25 18:13:45 --> [DEPRECATED] Creation of dynamic property App\Controllers\FrontendController::$session is deprecated in APPPATH\Controllers\FrontendController.php on line 21.
 1 SYSTEMPATH\CodeIgniter.php(913): App\Controllers\FrontendController->__construct()
 2 SYSTEMPATH\CodeIgniter.php(493): CodeIgniter\CodeIgniter->createController()
 3 SYSTEMPATH\CodeIgniter.php(361): CodeIgniter\CodeIgniter->handleRequest(null, Object(Config\Cache), false)
 4 FCPATH\index.php(79): CodeIgniter\CodeIgniter->run()
 5 SYSTEMPATH\Commands\Server\rewrite.php(47): require_once('D:\\en mantenimiento\\webupn\\public\\index.php')
INFO - 2024-06-25 18:13:53 --> Session: Class initialized using 'CodeIgniter\Session\Handlers\FileHandler' driver.
WARNING - 2024-06-25 18:13:53 --> [DEPRECATED] Creation of dynamic property App\Controllers\FrontendController::$session is deprecated in APPPATH\Controllers\FrontendController.php on line 21.
 1 SYSTEMPATH\CodeIgniter.php(913): App\Controllers\FrontendController->__construct()
 2 SYSTEMPATH\CodeIgniter.php(493): CodeIgniter\CodeIgniter->createController()
 3 SYSTEMPATH\CodeIgniter.php(361): CodeIgniter\CodeIgniter->handleRequest(null, Object(Config\Cache), false)
 4 FCPATH\index.php(79): CodeIgniter\CodeIgniter->run()
 5 SYSTEMPATH\Commands\Server\rewrite.php(47): require_once('D:\\en mantenimiento\\webupn\\public\\index.php')
INFO - 2024-06-25 18:14:20 --> Session: Class initialized using 'CodeIgniter\Session\Handlers\FileHandler' driver.
WARNING - 2024-06-25 18:14:20 --> [DEPRECATED] Creation of dynamic property App\Controllers\FrontendController::$session is deprecated in APPPATH\Controllers\FrontendController.php on line 21.
 1 SYSTEMPATH\CodeIgniter.php(913): App\Controllers\FrontendController->__construct()
 2 SYSTEMPATH\CodeIgniter.php(493): CodeIgniter\CodeIgniter->createController()
 3 SYSTEMPATH\CodeIgniter.php(361): CodeIgniter\CodeIgniter->handleRequest(null, Object(Config\Cache), false)
 4 FCPATH\index.php(79): CodeIgniter\CodeIgniter->run()
 5 SYSTEMPATH\Commands\Server\rewrite.php(47): require_once('D:\\en mantenimiento\\webupn\\public\\index.php')
INFO - 2024-06-25 18:14:37 --> Session: Class initialized using 'CodeIgniter\Session\Handlers\FileHandler' driver.
WARNING - 2024-06-25 18:14:37 --> [DEPRECATED] Creation of dynamic property App\Controllers\FrontendController::$session is deprecated in APPPATH\Controllers\FrontendController.php on line 21.
 1 SYSTEMPATH\CodeIgniter.php(913): App\Controllers\FrontendController->__construct()
 2 SYSTEMPATH\CodeIgniter.php(493): CodeIgniter\CodeIgniter->createController()
 3 SYSTEMPATH\CodeIgniter.php(361): CodeIgniter\CodeIgniter->handleRequest(null, Object(Config\Cache), false)
 4 FCPATH\index.php(79): CodeIgniter\CodeIgniter->run()
 5 SYSTEMPATH\Commands\Server\rewrite.php(47): require_once('D:\\en mantenimiento\\webupn\\public\\index.php')
INFO - 2024-06-25 18:14:49 --> Session: Class initialized using 'CodeIgniter\Session\Handlers\FileHandler' driver.
WARNING - 2024-06-25 18:14:49 --> [DEPRECATED] Creation of dynamic property App\Controllers\FrontendController::$session is deprecated in APPPATH\Controllers\FrontendController.php on line 21.
 1 SYSTEMPATH\CodeIgniter.php(913): App\Controllers\FrontendController->__construct()
 2 SYSTEMPATH\CodeIgniter.php(493): CodeIgniter\CodeIgniter->createController()
 3 SYSTEMPATH\CodeIgniter.php(361): CodeIgniter\CodeIgniter->handleRequest(null, Object(Config\Cache), false)
 4 FCPATH\index.php(79): CodeIgniter\CodeIgniter->run()
 5 SYSTEMPATH\Commands\Server\rewrite.php(47): require_once('D:\\en mantenimiento\\webupn\\public\\index.php')
INFO - 2024-06-25 18:15:08 --> Session: Class initialized using 'CodeIgniter\Session\Handlers\FileHandler' driver.
WARNING - 2024-06-25 18:15:08 --> [DEPRECATED] Creation of dynamic property App\Controllers\FrontendController::$session is deprecated in APPPATH\Controllers\FrontendController.php on line 21.
 1 SYSTEMPATH\CodeIgniter.php(913): App\Controllers\FrontendController->__construct()
 2 SYSTEMPATH\CodeIgniter.php(493): CodeIgniter\CodeIgniter->createController()
 3 SYSTEMPATH\CodeIgniter.php(361): CodeIgniter\CodeIgniter->handleRequest(null, Object(Config\Cache), false)
 4 FCPATH\index.php(79): CodeIgniter\CodeIgniter->run()
 5 SYSTEMPATH\Commands\Server\rewrite.php(47): require_once('D:\\en mantenimiento\\webupn\\public\\index.php')
INFO - 2024-06-25 18:15:22 --> Session: Class initialized using 'CodeIgniter\Session\Handlers\FileHandler' driver.
WARNING - 2024-06-25 18:15:22 --> [DEPRECATED] Creation of dynamic property App\Controllers\FrontendController::$session is deprecated in APPPATH\Controllers\FrontendController.php on line 21.
 1 SYSTEMPATH\CodeIgniter.php(913): App\Controllers\FrontendController->__construct()
 2 SYSTEMPATH\CodeIgniter.php(493): CodeIgniter\CodeIgniter->createController()
 3 SYSTEMPATH\CodeIgniter.php(361): CodeIgniter\CodeIgniter->handleRequest(null, Object(Config\Cache), false)
 4 FCPATH\index.php(79): CodeIgniter\CodeIgniter->run()
 5 SYSTEMPATH\Commands\Server\rewrite.php(47): require_once('D:\\en mantenimiento\\webupn\\public\\index.php')
INFO - 2024-06-25 18:16:07 --> Session: Class initialized using 'CodeIgniter\Session\Handlers\FileHandler' driver.
WARNING - 2024-06-25 18:16:07 --> [DEPRECATED] Creation of dynamic property App\Controllers\FrontendController::$session is deprecated in APPPATH\Controllers\FrontendController.php on line 21.
 1 SYSTEMPATH\CodeIgniter.php(913): App\Controllers\FrontendController->__construct()
 2 SYSTEMPATH\CodeIgniter.php(493): CodeIgniter\CodeIgniter->createController()
 3 SYSTEMPATH\CodeIgniter.php(361): CodeIgniter\CodeIgniter->handleRequest(null, Object(Config\Cache), false)
 4 FCPATH\index.php(79): CodeIgniter\CodeIgniter->run()
 5 SYSTEMPATH\Commands\Server\rewrite.php(47): require_once('D:\\en mantenimiento\\webupn\\public\\index.php')
INFO - 2024-06-25 18:16:16 --> Session: Class initialized using 'CodeIgniter\Session\Handlers\FileHandler' driver.
WARNING - 2024-06-25 18:16:16 --> [DEPRECATED] Creation of dynamic property App\Controllers\FrontendController::$session is deprecated in APPPATH\Controllers\FrontendController.php on line 21.
 1 SYSTEMPATH\CodeIgniter.php(913): App\Controllers\FrontendController->__construct()
 2 SYSTEMPATH\CodeIgniter.php(493): CodeIgniter\CodeIgniter->createController()
 3 SYSTEMPATH\CodeIgniter.php(361): CodeIgniter\CodeIgniter->handleRequest(null, Object(Config\Cache), false)
 4 FCPATH\index.php(79): CodeIgniter\CodeIgniter->run()
 5 SYSTEMPATH\Commands\Server\rewrite.php(47): require_once('D:\\en mantenimiento\\webupn\\public\\index.php')
INFO - 2024-06-25 18:16:32 --> Session: Class initialized using 'CodeIgniter\Session\Handlers\FileHandler' driver.
WARNING - 2024-06-25 18:16:32 --> [DEPRECATED] Creation of dynamic property App\Controllers\FrontendController::$session is deprecated in APPPATH\Controllers\FrontendController.php on line 21.
 1 SYSTEMPATH\CodeIgniter.php(913): App\Controllers\FrontendController->__construct()
 2 SYSTEMPATH\CodeIgniter.php(493): CodeIgniter\CodeIgniter->createController()
 3 SYSTEMPATH\CodeIgniter.php(361): CodeIgniter\CodeIgniter->handleRequest(null, Object(Config\Cache), false)
 4 FCPATH\index.php(79): CodeIgniter\CodeIgniter->run()
 5 SYSTEMPATH\Commands\Server\rewrite.php(47): require_once('D:\\en mantenimiento\\webupn\\public\\index.php')
INFO - 2024-06-25 18:16:48 --> Session: Class initialized using 'CodeIgniter\Session\Handlers\FileHandler' driver.
WARNING - 2024-06-25 18:16:48 --> [DEPRECATED] Creation of dynamic property App\Controllers\FrontendController::$session is deprecated in APPPATH\Controllers\FrontendController.php on line 21.
 1 SYSTEMPATH\CodeIgniter.php(913): App\Controllers\FrontendController->__construct()
 2 SYSTEMPATH\CodeIgniter.php(493): CodeIgniter\CodeIgniter->createController()
 3 SYSTEMPATH\CodeIgniter.php(361): CodeIgniter\CodeIgniter->handleRequest(null, Object(Config\Cache), false)
 4 FCPATH\index.php(79): CodeIgniter\CodeIgniter->run()
 5 SYSTEMPATH\Commands\Server\rewrite.php(47): require_once('D:\\en mantenimiento\\webupn\\public\\index.php')
INFO - 2024-06-25 18:16:58 --> Session: Class initialized using 'CodeIgniter\Session\Handlers\FileHandler' driver.
WARNING - 2024-06-25 18:16:58 --> [DEPRECATED] Creation of dynamic property App\Controllers\FrontendController::$session is deprecated in APPPATH\Controllers\FrontendController.php on line 21.
 1 SYSTEMPATH\CodeIgniter.php(913): App\Controllers\FrontendController->__construct()
 2 SYSTEMPATH\CodeIgniter.php(493): CodeIgniter\CodeIgniter->createController()
 3 SYSTEMPATH\CodeIgniter.php(361): CodeIgniter\CodeIgniter->handleRequest(null, Object(Config\Cache), false)
 4 FCPATH\index.php(79): CodeIgniter\CodeIgniter->run()
 5 SYSTEMPATH\Commands\Server\rewrite.php(47): require_once('D:\\en mantenimiento\\webupn\\public\\index.php')
INFO - 2024-06-25 18:17:08 --> Session: Class initialized using 'CodeIgniter\Session\Handlers\FileHandler' driver.
WARNING - 2024-06-25 18:17:08 --> [DEPRECATED] Creation of dynamic property App\Controllers\FrontendController::$session is deprecated in APPPATH\Controllers\FrontendController.php on line 21.
 1 SYSTEMPATH\CodeIgniter.php(913): App\Controllers\FrontendController->__construct()
 2 SYSTEMPATH\CodeIgniter.php(493): CodeIgniter\CodeIgniter->createController()
 3 SYSTEMPATH\CodeIgniter.php(361): CodeIgniter\CodeIgniter->handleRequest(null, Object(Config\Cache), false)
 4 FCPATH\index.php(79): CodeIgniter\CodeIgniter->run()
 5 SYSTEMPATH\Commands\Server\rewrite.php(47): require_once('D:\\en mantenimiento\\webupn\\public\\index.php')
INFO - 2024-06-25 18:17:19 --> Session: Class initialized using 'CodeIgniter\Session\Handlers\FileHandler' driver.
WARNING - 2024-06-25 18:17:19 --> [DEPRECATED] Creation of dynamic property App\Controllers\FrontendController::$session is deprecated in APPPATH\Controllers\FrontendController.php on line 21.
 1 SYSTEMPATH\CodeIgniter.php(913): App\Controllers\FrontendController->__construct()
 2 SYSTEMPATH\CodeIgniter.php(493): CodeIgniter\CodeIgniter->createController()
 3 SYSTEMPATH\CodeIgniter.php(361): CodeIgniter\CodeIgniter->handleRequest(null, Object(Config\Cache), false)
 4 FCPATH\index.php(79): CodeIgniter\CodeIgniter->run()
 5 SYSTEMPATH\Commands\Server\rewrite.php(47): require_once('D:\\en mantenimiento\\webupn\\public\\index.php')
INFO - 2024-06-25 18:17:26 --> Session: Class initialized using 'CodeIgniter\Session\Handlers\FileHandler' driver.
WARNING - 2024-06-25 18:17:26 --> [DEPRECATED] Creation of dynamic property App\Controllers\FrontendController::$session is deprecated in APPPATH\Controllers\FrontendController.php on line 21.
 1 SYSTEMPATH\CodeIgniter.php(913): App\Controllers\FrontendController->__construct()
 2 SYSTEMPATH\CodeIgniter.php(493): CodeIgniter\CodeIgniter->createController()
 3 SYSTEMPATH\CodeIgniter.php(361): CodeIgniter\CodeIgniter->handleRequest(null, Object(Config\Cache), false)
 4 FCPATH\index.php(79): CodeIgniter\CodeIgniter->run()
 5 SYSTEMPATH\Commands\Server\rewrite.php(47): require_once('D:\\en mantenimiento\\webupn\\public\\index.php')
INFO - 2024-06-25 18:17:43 --> Session: Class initialized using 'CodeIgniter\Session\Handlers\FileHandler' driver.
WARNING - 2024-06-25 18:17:43 --> [DEPRECATED] Creation of dynamic property App\Controllers\FrontendController::$session is deprecated in APPPATH\Controllers\FrontendController.php on line 21.
 1 SYSTEMPATH\CodeIgniter.php(913): App\Controllers\FrontendController->__construct()
 2 SYSTEMPATH\CodeIgniter.php(493): CodeIgniter\CodeIgniter->createController()
 3 SYSTEMPATH\CodeIgniter.php(361): CodeIgniter\CodeIgniter->handleRequest(null, Object(Config\Cache), false)
 4 FCPATH\index.php(79): CodeIgniter\CodeIgniter->run()
 5 SYSTEMPATH\Commands\Server\rewrite.php(47): require_once('D:\\en mantenimiento\\webupn\\public\\index.php')
INFO - 2024-06-25 18:17:52 --> Session: Class initialized using 'CodeIgniter\Session\Handlers\FileHandler' driver.
WARNING - 2024-06-25 18:17:52 --> [DEPRECATED] Creation of dynamic property App\Controllers\FrontendController::$session is deprecated in APPPATH\Controllers\FrontendController.php on line 21.
 1 SYSTEMPATH\CodeIgniter.php(913): App\Controllers\FrontendController->__construct()
 2 SYSTEMPATH\CodeIgniter.php(493): CodeIgniter\CodeIgniter->createController()
 3 SYSTEMPATH\CodeIgniter.php(361): CodeIgniter\CodeIgniter->handleRequest(null, Object(Config\Cache), false)
 4 FCPATH\index.php(79): CodeIgniter\CodeIgniter->run()
 5 SYSTEMPATH\Commands\Server\rewrite.php(47): require_once('D:\\en mantenimiento\\webupn\\public\\index.php')
INFO - 2024-06-25 18:18:14 --> Session: Class initialized using 'CodeIgniter\Session\Handlers\FileHandler' driver.
WARNING - 2024-06-25 18:18:14 --> [DEPRECATED] Creation of dynamic property App\Controllers\FrontendController::$session is deprecated in APPPATH\Controllers\FrontendController.php on line 21.
 1 SYSTEMPATH\CodeIgniter.php(913): App\Controllers\FrontendController->__construct()
 2 SYSTEMPATH\CodeIgniter.php(493): CodeIgniter\CodeIgniter->createController()
 3 SYSTEMPATH\CodeIgniter.php(361): CodeIgniter\CodeIgniter->handleRequest(null, Object(Config\Cache), false)
 4 FCPATH\index.php(79): CodeIgniter\CodeIgniter->run()
 5 SYSTEMPATH\Commands\Server\rewrite.php(47): require_once('D:\\en mantenimiento\\webupn\\public\\index.php')
INFO - 2024-06-25 18:18:29 --> Session: Class initialized using 'CodeIgniter\Session\Handlers\FileHandler' driver.
WARNING - 2024-06-25 18:18:29 --> [DEPRECATED] Creation of dynamic property App\Controllers\FrontendController::$session is deprecated in APPPATH\Controllers\FrontendController.php on line 21.
 1 SYSTEMPATH\CodeIgniter.php(913): App\Controllers\FrontendController->__construct()
 2 SYSTEMPATH\CodeIgniter.php(493): CodeIgniter\CodeIgniter->createController()
 3 SYSTEMPATH\CodeIgniter.php(361): CodeIgniter\CodeIgniter->handleRequest(null, Object(Config\Cache), false)
 4 FCPATH\index.php(79): CodeIgniter\CodeIgniter->run()
 5 SYSTEMPATH\Commands\Server\rewrite.php(47): require_once('D:\\en mantenimiento\\webupn\\public\\index.php')
INFO - 2024-06-25 18:18:47 --> Session: Class initialized using 'CodeIgniter\Session\Handlers\FileHandler' driver.
WARNING - 2024-06-25 18:18:47 --> [DEPRECATED] Creation of dynamic property App\Controllers\FrontendController::$session is deprecated in APPPATH\Controllers\FrontendController.php on line 21.
 1 SYSTEMPATH\CodeIgniter.php(913): App\Controllers\FrontendController->__construct()
 2 SYSTEMPATH\CodeIgniter.php(493): CodeIgniter\CodeIgniter->createController()
 3 SYSTEMPATH\CodeIgniter.php(361): CodeIgniter\CodeIgniter->handleRequest(null, Object(Config\Cache), false)
 4 FCPATH\index.php(79): CodeIgniter\CodeIgniter->run()
 5 SYSTEMPATH\Commands\Server\rewrite.php(47): require_once('D:\\en mantenimiento\\webupn\\public\\index.php')
INFO - 2024-06-25 18:18:57 --> Session: Class initialized using 'CodeIgniter\Session\Handlers\FileHandler' driver.
WARNING - 2024-06-25 18:18:57 --> [DEPRECATED] Creation of dynamic property App\Controllers\FrontendController::$session is deprecated in APPPATH\Controllers\FrontendController.php on line 21.
 1 SYSTEMPATH\CodeIgniter.php(913): App\Controllers\FrontendController->__construct()
 2 SYSTEMPATH\CodeIgniter.php(493): CodeIgniter\CodeIgniter->createController()
 3 SYSTEMPATH\CodeIgniter.php(361): CodeIgniter\CodeIgniter->handleRequest(null, Object(Config\Cache), false)
 4 FCPATH\index.php(79): CodeIgniter\CodeIgniter->run()
 5 SYSTEMPATH\Commands\Server\rewrite.php(47): require_once('D:\\en mantenimiento\\webupn\\public\\index.php')
INFO - 2024-06-25 18:20:04 --> Session: Class initialized using 'CodeIgniter\Session\Handlers\FileHandler' driver.
WARNING - 2024-06-25 18:20:04 --> [DEPRECATED] Creation of dynamic property App\Controllers\FrontendController::$session is deprecated in APPPATH\Controllers\FrontendController.php on line 21.
 1 SYSTEMPATH\CodeIgniter.php(913): App\Controllers\FrontendController->__construct()
 2 SYSTEMPATH\CodeIgniter.php(493): CodeIgniter\CodeIgniter->createController()
 3 SYSTEMPATH\CodeIgniter.php(361): CodeIgniter\CodeIgniter->handleRequest(null, Object(Config\Cache), false)
 4 FCPATH\index.php(79): CodeIgniter\CodeIgniter->run()
 5 SYSTEMPATH\Commands\Server\rewrite.php(47): require_once('D:\\en mantenimiento\\webupn\\public\\index.php')
INFO - 2024-06-25 18:20:49 --> Session: Class initialized using 'CodeIgniter\Session\Handlers\FileHandler' driver.
WARNING - 2024-06-25 18:20:49 --> [DEPRECATED] Creation of dynamic property App\Controllers\FrontendController::$session is deprecated in APPPATH\Controllers\FrontendController.php on line 21.
 1 SYSTEMPATH\CodeIgniter.php(913): App\Controllers\FrontendController->__construct()
 2 SYSTEMPATH\CodeIgniter.php(493): CodeIgniter\CodeIgniter->createController()
 3 SYSTEMPATH\CodeIgniter.php(361): CodeIgniter\CodeIgniter->handleRequest(null, Object(Config\Cache), false)
 4 FCPATH\index.php(79): CodeIgniter\CodeIgniter->run()
 5 SYSTEMPATH\Commands\Server\rewrite.php(47): require_once('D:\\en mantenimiento\\webupn\\public\\index.php')
INFO - 2024-06-25 18:23:40 --> Session: Class initialized using 'CodeIgniter\Session\Handlers\FileHandler' driver.
WARNING - 2024-06-25 18:23:40 --> [DEPRECATED] Creation of dynamic property App\Controllers\FrontendController::$session is deprecated in APPPATH\Controllers\FrontendController.php on line 21.
 1 SYSTEMPATH\CodeIgniter.php(913): App\Controllers\FrontendController->__construct()
 2 SYSTEMPATH\CodeIgniter.php(493): CodeIgniter\CodeIgniter->createController()
 3 SYSTEMPATH\CodeIgniter.php(361): CodeIgniter\CodeIgniter->handleRequest(null, Object(Config\Cache), false)
 4 FCPATH\index.php(79): CodeIgniter\CodeIgniter->run()
 5 SYSTEMPATH\Commands\Server\rewrite.php(47): require_once('D:\\en mantenimiento\\webupn\\public\\index.php')
INFO - 2024-06-25 18:23:48 --> Session: Class initialized using 'CodeIgniter\Session\Handlers\FileHandler' driver.
WARNING - 2024-06-25 18:23:48 --> [DEPRECATED] Creation of dynamic property App\Controllers\FrontendController::$session is deprecated in APPPATH\Controllers\FrontendController.php on line 21.
 1 SYSTEMPATH\CodeIgniter.php(913): App\Controllers\FrontendController->__construct()
 2 SYSTEMPATH\CodeIgniter.php(493): CodeIgniter\CodeIgniter->createController()
 3 SYSTEMPATH\CodeIgniter.php(361): CodeIgniter\CodeIgniter->handleRequest(null, Object(Config\Cache), false)
 4 FCPATH\index.php(79): CodeIgniter\CodeIgniter->run()
 5 SYSTEMPATH\Commands\Server\rewrite.php(47): require_once('D:\\en mantenimiento\\webupn\\public\\index.php')
